[2018-08-11T00:14:31,587][INFO ][o.e.n.Node               ] [] initializing ...
[2018-08-11T00:14:31,619][INFO ][o.e.e.NodeEnvironment    ] [Nr7UYsr] using [1] data paths, mounts [[/ (/dev/sda5)]], net usable_space [43.7gb], net total_space [54.7gb], types [ext4]
[2018-08-11T00:14:31,619][INFO ][o.e.e.NodeEnvironment    ] [Nr7UYsr] heap size [989.8mb], compressed ordinary object pointers [true]
[2018-08-11T00:14:31,620][INFO ][o.e.n.Node               ] [Nr7UYsr] node name derived from node ID [Nr7UYsrgRVC308VTNLTlIQ]; set [node.name] to override
[2018-08-11T00:14:31,620][INFO ][o.e.n.Node               ] [Nr7UYsr] version[6.3.2], pid[6119], build[default/zip/053779d/2018-07-20T05:20:23.451332Z], OS[Linux/4.15.0-30-generic/amd64], JVM[Oracle Corporation/Java HotSpot(TM) 64-Bit Server VM/1.8.0_181/25.181-b13]
[2018-08-11T00:14:31,620][INFO ][o.e.n.Node               ] [Nr7UYsr] JVM arguments [-Xms1g, -Xmx1g, -XX:+UseConcMarkSweepGC, -XX:CMSInitiatingOccupancyFraction=75, -XX:+UseCMSInitiatingOccupancyOnly, -XX:+AlwaysPreTouch, -Xss1m, -Djava.awt.headless=true, -Dfile.encoding=UTF-8, -Djna.nosys=true, -XX:-OmitStackTraceInFastThrow, -Dio.netty.noUnsafe=true, -Dio.netty.noKeySetOptimization=true, -Dio.netty.recycler.maxCapacityPerThread=0, -Dlog4j.shutdownHookEnabled=false, -Dlog4j2.disable.jmx=true, -Djava.io.tmpdir=/tmp/elasticsearch.u9QYGFp5, -XX:+HeapDumpOnOutOfMemoryError, -XX:HeapDumpPath=data, -XX:ErrorFile=logs/hs_err_pid%p.log, -XX:+PrintGCDetails, -XX:+PrintGCDateStamps, -XX:+PrintTenuringDistribution, -XX:+PrintGCApplicationStoppedTime, -Xloggc:logs/gc.log, -XX:+UseGCLogFileRotation, -XX:NumberOfGCLogFiles=32, -XX:GCLogFileSize=64m, -Des.path.home=/home/nermin/Diplomski_rad/elasticsearch-6.3.2, -Des.path.conf=/home/nermin/Diplomski_rad/elasticsearch-6.3.2/config, -Des.distribution.flavor=default, -Des.distribution.type=zip]
[2018-08-11T00:14:32,708][INFO ][o.e.p.PluginsService     ] [Nr7UYsr] loaded module [aggs-matrix-stats]
[2018-08-11T00:14:32,708][INFO ][o.e.p.PluginsService     ] [Nr7UYsr] loaded module [analysis-common]
[2018-08-11T00:14:32,708][INFO ][o.e.p.PluginsService     ] [Nr7UYsr] loaded module [ingest-common]
[2018-08-11T00:14:32,708][INFO ][o.e.p.PluginsService     ] [Nr7UYsr] loaded module [lang-expression]
[2018-08-11T00:14:32,708][INFO ][o.e.p.PluginsService     ] [Nr7UYsr] loaded module [lang-mustache]
[2018-08-11T00:14:32,708][INFO ][o.e.p.PluginsService     ] [Nr7UYsr] loaded module [lang-painless]
[2018-08-11T00:14:32,708][INFO ][o.e.p.PluginsService     ] [Nr7UYsr] loaded module [mapper-extras]
[2018-08-11T00:14:32,708][INFO ][o.e.p.PluginsService     ] [Nr7UYsr] loaded module [parent-join]
[2018-08-11T00:14:32,708][INFO ][o.e.p.PluginsService     ] [Nr7UYsr] loaded module [percolator]
[2018-08-11T00:14:32,708][INFO ][o.e.p.PluginsService     ] [Nr7UYsr] loaded module [rank-eval]
[2018-08-11T00:14:32,708][INFO ][o.e.p.PluginsService     ] [Nr7UYsr] loaded module [reindex]
[2018-08-11T00:14:32,708][INFO ][o.e.p.PluginsService     ] [Nr7UYsr] loaded module [repository-url]
[2018-08-11T00:14:32,708][INFO ][o.e.p.PluginsService     ] [Nr7UYsr] loaded module [transport-netty4]
[2018-08-11T00:14:32,709][INFO ][o.e.p.PluginsService     ] [Nr7UYsr] loaded module [tribe]
[2018-08-11T00:14:32,709][INFO ][o.e.p.PluginsService     ] [Nr7UYsr] loaded module [x-pack-core]
[2018-08-11T00:14:32,709][INFO ][o.e.p.PluginsService     ] [Nr7UYsr] loaded module [x-pack-deprecation]
[2018-08-11T00:14:32,709][INFO ][o.e.p.PluginsService     ] [Nr7UYsr] loaded module [x-pack-graph]
[2018-08-11T00:14:32,709][INFO ][o.e.p.PluginsService     ] [Nr7UYsr] loaded module [x-pack-logstash]
[2018-08-11T00:14:32,709][INFO ][o.e.p.PluginsService     ] [Nr7UYsr] loaded module [x-pack-ml]
[2018-08-11T00:14:32,709][INFO ][o.e.p.PluginsService     ] [Nr7UYsr] loaded module [x-pack-monitoring]
[2018-08-11T00:14:32,709][INFO ][o.e.p.PluginsService     ] [Nr7UYsr] loaded module [x-pack-rollup]
[2018-08-11T00:14:32,709][INFO ][o.e.p.PluginsService     ] [Nr7UYsr] loaded module [x-pack-security]
[2018-08-11T00:14:32,709][INFO ][o.e.p.PluginsService     ] [Nr7UYsr] loaded module [x-pack-sql]
[2018-08-11T00:14:32,709][INFO ][o.e.p.PluginsService     ] [Nr7UYsr] loaded module [x-pack-upgrade]
[2018-08-11T00:14:32,709][INFO ][o.e.p.PluginsService     ] [Nr7UYsr] loaded module [x-pack-watcher]
[2018-08-11T00:14:32,709][INFO ][o.e.p.PluginsService     ] [Nr7UYsr] no plugins loaded
[2018-08-11T00:14:34,469][INFO ][o.e.x.s.a.s.FileRolesStore] [Nr7UYsr] parsed [0] roles from file [/home/nermin/Diplomski_rad/elasticsearch-6.3.2/config/roles.yml]
[2018-08-11T00:14:34,712][INFO ][o.e.x.m.j.p.l.CppLogMessageHandler] [controller/6191] [Main.cc@109] controller (64 bit): Version 6.3.2 (Build 903094f295d249) Copyright (c) 2018 Elasticsearch BV
[2018-08-11T00:14:34,917][DEBUG][o.e.a.ActionModule       ] Using REST wrapper from plugin org.elasticsearch.xpack.security.Security
[2018-08-11T00:14:35,037][INFO ][o.e.d.DiscoveryModule    ] [Nr7UYsr] using discovery type [zen]
[2018-08-11T00:14:35,487][INFO ][o.e.n.Node               ] [Nr7UYsr] initialized
[2018-08-11T00:14:35,488][INFO ][o.e.n.Node               ] [Nr7UYsr] starting ...
[2018-08-11T00:14:35,574][INFO ][o.e.t.TransportService   ] [Nr7UYsr] publish_address {127.0.0.1:9300}, bound_addresses {[::1]:9300}, {127.0.0.1:9300}
[2018-08-11T00:14:35,584][WARN ][o.e.b.BootstrapChecks    ] [Nr7UYsr] max file descriptors [4096] for elasticsearch process is too low, increase to at least [65536]
[2018-08-11T00:14:35,584][WARN ][o.e.b.BootstrapChecks    ] [Nr7UYsr] max virtual memory areas vm.max_map_count [65530] is too low, increase to at least [262144]
[2018-08-11T00:14:38,651][INFO ][o.e.c.s.MasterService    ] [Nr7UYsr] zen-disco-elected-as-master ([0] nodes joined)[, ], reason: new_master {Nr7UYsr}{Nr7UYsrgRVC308VTNLTlIQ}{bt0lms_nT9OxYoDoXZIJlg}{127.0.0.1}{127.0.0.1:9300}{ml.machine_memory=16680050688, xpack.installed=true, ml.max_open_jobs=20, ml.enabled=true}
[2018-08-11T00:14:38,656][INFO ][o.e.c.s.ClusterApplierService] [Nr7UYsr] new_master {Nr7UYsr}{Nr7UYsrgRVC308VTNLTlIQ}{bt0lms_nT9OxYoDoXZIJlg}{127.0.0.1}{127.0.0.1:9300}{ml.machine_memory=16680050688, xpack.installed=true, ml.max_open_jobs=20, ml.enabled=true}, reason: apply cluster state (from master [master {Nr7UYsr}{Nr7UYsrgRVC308VTNLTlIQ}{bt0lms_nT9OxYoDoXZIJlg}{127.0.0.1}{127.0.0.1:9300}{ml.machine_memory=16680050688, xpack.installed=true, ml.max_open_jobs=20, ml.enabled=true} committed version [1] source [zen-disco-elected-as-master ([0] nodes joined)[, ]]])
[2018-08-11T00:14:38,698][INFO ][o.e.x.s.t.n.SecurityNetty4HttpServerTransport] [Nr7UYsr] publish_address {127.0.0.1:9200}, bound_addresses {[::1]:9200}, {127.0.0.1:9200}
[2018-08-11T00:14:38,699][INFO ][o.e.n.Node               ] [Nr7UYsr] started
[2018-08-11T00:14:38,712][WARN ][o.e.x.s.a.s.m.NativeRoleMappingStore] [Nr7UYsr] Failed to clear cache for realms [[]]
[2018-08-11T00:14:38,744][INFO ][o.e.g.GatewayService     ] [Nr7UYsr] recovered [0] indices into cluster_state
[2018-08-11T00:14:38,817][INFO ][o.e.c.m.MetaDataIndexTemplateService] [Nr7UYsr] adding template [.watch-history-7] for index patterns [.watcher-history-7*]
[2018-08-11T00:14:38,832][INFO ][o.e.c.m.MetaDataIndexTemplateService] [Nr7UYsr] adding template [.watches] for index patterns [.watches*]
[2018-08-11T00:14:38,861][INFO ][o.e.c.m.MetaDataIndexTemplateService] [Nr7UYsr] adding template [.triggered_watches] for index patterns [.triggered_watches*]
[2018-08-11T00:14:38,878][INFO ][o.e.c.m.MetaDataIndexTemplateService] [Nr7UYsr] adding template [.monitoring-logstash] for index patterns [.monitoring-logstash-6-*]
[2018-08-11T00:14:38,898][INFO ][o.e.c.m.MetaDataIndexTemplateService] [Nr7UYsr] adding template [.monitoring-es] for index patterns [.monitoring-es-6-*]
[2018-08-11T00:14:38,912][INFO ][o.e.c.m.MetaDataIndexTemplateService] [Nr7UYsr] adding template [.monitoring-beats] for index patterns [.monitoring-beats-6-*]
[2018-08-11T00:14:38,925][INFO ][o.e.c.m.MetaDataIndexTemplateService] [Nr7UYsr] adding template [.monitoring-alerts] for index patterns [.monitoring-alerts-6]
[2018-08-11T00:14:38,938][INFO ][o.e.c.m.MetaDataIndexTemplateService] [Nr7UYsr] adding template [.monitoring-kibana] for index patterns [.monitoring-kibana-6-*]
[2018-08-11T00:14:38,963][INFO ][o.e.l.LicenseService     ] [Nr7UYsr] license [6c1b0964-f84d-46f3-b13d-c4ea20c7cad5] mode [basic] - valid
[2018-08-11T00:22:02,760][INFO ][o.e.c.m.MetaDataCreateIndexService] [Nr7UYsr] [customer] creating index, cause [api], templates [], shards [5]/[1], mappings []
[2018-08-11T00:23:11,318][INFO ][o.e.c.m.MetaDataMappingService] [Nr7UYsr] [customer/H0IJ-Jl9SF-LB0wvgAY0yA] create_mapping [_doc]
[2018-08-11T01:01:40,502][INFO ][o.e.x.m.j.p.NativeController] Native controller process has stopped - no new native processes can be started
[2018-08-11T01:01:40,505][INFO ][o.e.n.Node               ] [Nr7UYsr] stopping ...
[2018-08-11T01:01:40,518][INFO ][o.e.x.w.WatcherService   ] [Nr7UYsr] stopping watch service, reason [shutdown initiated]
[2018-08-11T01:01:40,691][INFO ][o.e.n.Node               ] [Nr7UYsr] stopped
[2018-08-11T01:01:40,691][INFO ][o.e.n.Node               ] [Nr7UYsr] closing ...
[2018-08-11T01:01:40,696][INFO ][o.e.n.Node               ] [Nr7UYsr] closed
[2018-08-11T01:04:24,816][INFO ][o.e.n.Node               ] [] initializing ...
[2018-08-11T01:04:24,849][INFO ][o.e.e.NodeEnvironment    ] [Nr7UYsr] using [1] data paths, mounts [[/ (/dev/sda5)]], net usable_space [43.6gb], net total_space [54.7gb], types [ext4]
[2018-08-11T01:04:24,849][INFO ][o.e.e.NodeEnvironment    ] [Nr7UYsr] heap size [989.8mb], compressed ordinary object pointers [true]
[2018-08-11T01:04:24,855][INFO ][o.e.n.Node               ] [Nr7UYsr] node name derived from node ID [Nr7UYsrgRVC308VTNLTlIQ]; set [node.name] to override
[2018-08-11T01:04:24,856][INFO ][o.e.n.Node               ] [Nr7UYsr] version[6.3.2], pid[8345], build[default/zip/053779d/2018-07-20T05:20:23.451332Z], OS[Linux/4.15.0-30-generic/amd64], JVM[Oracle Corporation/Java HotSpot(TM) 64-Bit Server VM/1.8.0_181/25.181-b13]
[2018-08-11T01:04:24,856][INFO ][o.e.n.Node               ] [Nr7UYsr] JVM arguments [-Xms1g, -Xmx1g, -XX:+UseConcMarkSweepGC, -XX:CMSInitiatingOccupancyFraction=75, -XX:+UseCMSInitiatingOccupancyOnly, -XX:+AlwaysPreTouch, -Xss1m, -Djava.awt.headless=true, -Dfile.encoding=UTF-8, -Djna.nosys=true, -XX:-OmitStackTraceInFastThrow, -Dio.netty.noUnsafe=true, -Dio.netty.noKeySetOptimization=true, -Dio.netty.recycler.maxCapacityPerThread=0, -Dlog4j.shutdownHookEnabled=false, -Dlog4j2.disable.jmx=true, -Djava.io.tmpdir=/tmp/elasticsearch.3SPHTlVk, -XX:+HeapDumpOnOutOfMemoryError, -XX:HeapDumpPath=data, -XX:ErrorFile=logs/hs_err_pid%p.log, -XX:+PrintGCDetails, -XX:+PrintGCDateStamps, -XX:+PrintTenuringDistribution, -XX:+PrintGCApplicationStoppedTime, -Xloggc:logs/gc.log, -XX:+UseGCLogFileRotation, -XX:NumberOfGCLogFiles=32, -XX:GCLogFileSize=64m, -Des.path.home=/home/nermin/Diplomski_rad/elasticsearch-6.3.2, -Des.path.conf=/home/nermin/Diplomski_rad/elasticsearch-6.3.2/config, -Des.distribution.flavor=default, -Des.distribution.type=zip]
[2018-08-11T01:04:25,925][INFO ][o.e.p.PluginsService     ] [Nr7UYsr] loaded module [aggs-matrix-stats]
[2018-08-11T01:04:25,926][INFO ][o.e.p.PluginsService     ] [Nr7UYsr] loaded module [analysis-common]
[2018-08-11T01:04:25,926][INFO ][o.e.p.PluginsService     ] [Nr7UYsr] loaded module [ingest-common]
[2018-08-11T01:04:25,926][INFO ][o.e.p.PluginsService     ] [Nr7UYsr] loaded module [lang-expression]
[2018-08-11T01:04:25,926][INFO ][o.e.p.PluginsService     ] [Nr7UYsr] loaded module [lang-mustache]
[2018-08-11T01:04:25,926][INFO ][o.e.p.PluginsService     ] [Nr7UYsr] loaded module [lang-painless]
[2018-08-11T01:04:25,926][INFO ][o.e.p.PluginsService     ] [Nr7UYsr] loaded module [mapper-extras]
[2018-08-11T01:04:25,926][INFO ][o.e.p.PluginsService     ] [Nr7UYsr] loaded module [parent-join]
[2018-08-11T01:04:25,926][INFO ][o.e.p.PluginsService     ] [Nr7UYsr] loaded module [percolator]
[2018-08-11T01:04:25,926][INFO ][o.e.p.PluginsService     ] [Nr7UYsr] loaded module [rank-eval]
[2018-08-11T01:04:25,926][INFO ][o.e.p.PluginsService     ] [Nr7UYsr] loaded module [reindex]
[2018-08-11T01:04:25,926][INFO ][o.e.p.PluginsService     ] [Nr7UYsr] loaded module [repository-url]
[2018-08-11T01:04:25,926][INFO ][o.e.p.PluginsService     ] [Nr7UYsr] loaded module [transport-netty4]
[2018-08-11T01:04:25,926][INFO ][o.e.p.PluginsService     ] [Nr7UYsr] loaded module [tribe]
[2018-08-11T01:04:25,926][INFO ][o.e.p.PluginsService     ] [Nr7UYsr] loaded module [x-pack-core]
[2018-08-11T01:04:25,926][INFO ][o.e.p.PluginsService     ] [Nr7UYsr] loaded module [x-pack-deprecation]
[2018-08-11T01:04:25,926][INFO ][o.e.p.PluginsService     ] [Nr7UYsr] loaded module [x-pack-graph]
[2018-08-11T01:04:25,927][INFO ][o.e.p.PluginsService     ] [Nr7UYsr] loaded module [x-pack-logstash]
[2018-08-11T01:04:25,927][INFO ][o.e.p.PluginsService     ] [Nr7UYsr] loaded module [x-pack-ml]
[2018-08-11T01:04:25,927][INFO ][o.e.p.PluginsService     ] [Nr7UYsr] loaded module [x-pack-monitoring]
[2018-08-11T01:04:25,927][INFO ][o.e.p.PluginsService     ] [Nr7UYsr] loaded module [x-pack-rollup]
[2018-08-11T01:04:25,927][INFO ][o.e.p.PluginsService     ] [Nr7UYsr] loaded module [x-pack-security]
[2018-08-11T01:04:25,927][INFO ][o.e.p.PluginsService     ] [Nr7UYsr] loaded module [x-pack-sql]
[2018-08-11T01:04:25,927][INFO ][o.e.p.PluginsService     ] [Nr7UYsr] loaded module [x-pack-upgrade]
[2018-08-11T01:04:25,927][INFO ][o.e.p.PluginsService     ] [Nr7UYsr] loaded module [x-pack-watcher]
[2018-08-11T01:04:25,927][INFO ][o.e.p.PluginsService     ] [Nr7UYsr] no plugins loaded
[2018-08-11T01:04:27,672][INFO ][o.e.x.s.a.s.FileRolesStore] [Nr7UYsr] parsed [0] roles from file [/home/nermin/Diplomski_rad/elasticsearch-6.3.2/config/roles.yml]
[2018-08-11T01:04:27,913][INFO ][o.e.x.m.j.p.l.CppLogMessageHandler] [controller/8417] [Main.cc@109] controller (64 bit): Version 6.3.2 (Build 903094f295d249) Copyright (c) 2018 Elasticsearch BV
[2018-08-11T01:04:28,110][DEBUG][o.e.a.ActionModule       ] Using REST wrapper from plugin org.elasticsearch.xpack.security.Security
[2018-08-11T01:04:28,242][INFO ][o.e.d.DiscoveryModule    ] [Nr7UYsr] using discovery type [zen]
[2018-08-11T01:04:28,684][INFO ][o.e.n.Node               ] [Nr7UYsr] initialized
[2018-08-11T01:04:28,684][INFO ][o.e.n.Node               ] [Nr7UYsr] starting ...
[2018-08-11T01:04:28,768][INFO ][o.e.t.TransportService   ] [Nr7UYsr] publish_address {127.0.0.1:9300}, bound_addresses {[::1]:9300}, {127.0.0.1:9300}
[2018-08-11T01:04:28,782][WARN ][o.e.b.BootstrapChecks    ] [Nr7UYsr] max file descriptors [4096] for elasticsearch process is too low, increase to at least [65536]
[2018-08-11T01:04:28,782][WARN ][o.e.b.BootstrapChecks    ] [Nr7UYsr] max virtual memory areas vm.max_map_count [65530] is too low, increase to at least [262144]
[2018-08-11T01:04:31,817][INFO ][o.e.c.s.MasterService    ] [Nr7UYsr] zen-disco-elected-as-master ([0] nodes joined)[, ], reason: new_master {Nr7UYsr}{Nr7UYsrgRVC308VTNLTlIQ}{oFxdpGGZQ_CJq2meOI-8zg}{127.0.0.1}{127.0.0.1:9300}{ml.machine_memory=16680050688, xpack.installed=true, ml.max_open_jobs=20, ml.enabled=true}
[2018-08-11T01:04:31,820][INFO ][o.e.c.s.ClusterApplierService] [Nr7UYsr] new_master {Nr7UYsr}{Nr7UYsrgRVC308VTNLTlIQ}{oFxdpGGZQ_CJq2meOI-8zg}{127.0.0.1}{127.0.0.1:9300}{ml.machine_memory=16680050688, xpack.installed=true, ml.max_open_jobs=20, ml.enabled=true}, reason: apply cluster state (from master [master {Nr7UYsr}{Nr7UYsrgRVC308VTNLTlIQ}{oFxdpGGZQ_CJq2meOI-8zg}{127.0.0.1}{127.0.0.1:9300}{ml.machine_memory=16680050688, xpack.installed=true, ml.max_open_jobs=20, ml.enabled=true} committed version [1] source [zen-disco-elected-as-master ([0] nodes joined)[, ]]])
[2018-08-11T01:04:31,859][INFO ][o.e.x.s.t.n.SecurityNetty4HttpServerTransport] [Nr7UYsr] publish_address {127.0.0.1:9200}, bound_addresses {[::1]:9200}, {127.0.0.1:9200}
[2018-08-11T01:04:31,860][INFO ][o.e.n.Node               ] [Nr7UYsr] started
[2018-08-11T01:04:32,089][WARN ][o.e.x.s.a.s.m.NativeRoleMappingStore] [Nr7UYsr] Failed to clear cache for realms [[]]
[2018-08-11T01:04:32,098][INFO ][o.e.l.LicenseService     ] [Nr7UYsr] license [6c1b0964-f84d-46f3-b13d-c4ea20c7cad5] mode [basic] - valid
[2018-08-11T01:04:32,103][INFO ][o.e.g.GatewayService     ] [Nr7UYsr] recovered [1] indices into cluster_state
[2018-08-11T01:04:32,260][INFO ][o.e.c.r.a.AllocationService] [Nr7UYsr] Cluster health status changed from [RED] to [YELLOW] (reason: [shards started [[customer][3]] ...]).
[2018-08-11T01:05:04,454][INFO ][o.e.x.m.j.p.NativeController] Native controller process has stopped - no new native processes can be started
[2018-08-11T01:05:04,456][INFO ][o.e.n.Node               ] [Nr7UYsr] stopping ...
[2018-08-11T01:05:04,465][INFO ][o.e.x.w.WatcherService   ] [Nr7UYsr] stopping watch service, reason [shutdown initiated]
[2018-08-11T01:05:04,661][INFO ][o.e.n.Node               ] [Nr7UYsr] stopped
[2018-08-11T01:05:04,662][INFO ][o.e.n.Node               ] [Nr7UYsr] closing ...
[2018-08-11T01:05:04,670][INFO ][o.e.n.Node               ] [Nr7UYsr] closed
[2018-08-11T01:06:22,322][INFO ][o.e.n.Node               ] [] initializing ...
[2018-08-11T01:06:22,356][INFO ][o.e.e.NodeEnvironment    ] [Nr7UYsr] using [1] data paths, mounts [[/ (/dev/sda5)]], net usable_space [43.6gb], net total_space [54.7gb], types [ext4]
[2018-08-11T01:06:22,357][INFO ][o.e.e.NodeEnvironment    ] [Nr7UYsr] heap size [989.8mb], compressed ordinary object pointers [true]
[2018-08-11T01:06:22,363][INFO ][o.e.n.Node               ] [Nr7UYsr] node name derived from node ID [Nr7UYsrgRVC308VTNLTlIQ]; set [node.name] to override
[2018-08-11T01:06:22,363][INFO ][o.e.n.Node               ] [Nr7UYsr] version[6.3.2], pid[8520], build[default/zip/053779d/2018-07-20T05:20:23.451332Z], OS[Linux/4.15.0-30-generic/amd64], JVM[Oracle Corporation/Java HotSpot(TM) 64-Bit Server VM/1.8.0_181/25.181-b13]
[2018-08-11T01:06:22,364][INFO ][o.e.n.Node               ] [Nr7UYsr] JVM arguments [-Xms1g, -Xmx1g, -XX:+UseConcMarkSweepGC, -XX:CMSInitiatingOccupancyFraction=75, -XX:+UseCMSInitiatingOccupancyOnly, -XX:+AlwaysPreTouch, -Xss1m, -Djava.awt.headless=true, -Dfile.encoding=UTF-8, -Djna.nosys=true, -XX:-OmitStackTraceInFastThrow, -Dio.netty.noUnsafe=true, -Dio.netty.noKeySetOptimization=true, -Dio.netty.recycler.maxCapacityPerThread=0, -Dlog4j.shutdownHookEnabled=false, -Dlog4j2.disable.jmx=true, -Djava.io.tmpdir=/tmp/elasticsearch.u0Z7qHC2, -XX:+HeapDumpOnOutOfMemoryError, -XX:HeapDumpPath=data, -XX:ErrorFile=logs/hs_err_pid%p.log, -XX:+PrintGCDetails, -XX:+PrintGCDateStamps, -XX:+PrintTenuringDistribution, -XX:+PrintGCApplicationStoppedTime, -Xloggc:logs/gc.log, -XX:+UseGCLogFileRotation, -XX:NumberOfGCLogFiles=32, -XX:GCLogFileSize=64m, -Des.path.home=/home/nermin/Diplomski_rad/elasticsearch-6.3.2, -Des.path.conf=/home/nermin/Diplomski_rad/elasticsearch-6.3.2/config, -Des.distribution.flavor=default, -Des.distribution.type=zip]
[2018-08-11T01:06:23,411][INFO ][o.e.p.PluginsService     ] [Nr7UYsr] loaded module [aggs-matrix-stats]
[2018-08-11T01:06:23,412][INFO ][o.e.p.PluginsService     ] [Nr7UYsr] loaded module [analysis-common]
[2018-08-11T01:06:23,412][INFO ][o.e.p.PluginsService     ] [Nr7UYsr] loaded module [ingest-common]
[2018-08-11T01:06:23,412][INFO ][o.e.p.PluginsService     ] [Nr7UYsr] loaded module [lang-expression]
[2018-08-11T01:06:23,412][INFO ][o.e.p.PluginsService     ] [Nr7UYsr] loaded module [lang-mustache]
[2018-08-11T01:06:23,413][INFO ][o.e.p.PluginsService     ] [Nr7UYsr] loaded module [lang-painless]
[2018-08-11T01:06:23,413][INFO ][o.e.p.PluginsService     ] [Nr7UYsr] loaded module [mapper-extras]
[2018-08-11T01:06:23,413][INFO ][o.e.p.PluginsService     ] [Nr7UYsr] loaded module [parent-join]
[2018-08-11T01:06:23,413][INFO ][o.e.p.PluginsService     ] [Nr7UYsr] loaded module [percolator]
[2018-08-11T01:06:23,414][INFO ][o.e.p.PluginsService     ] [Nr7UYsr] loaded module [rank-eval]
[2018-08-11T01:06:23,414][INFO ][o.e.p.PluginsService     ] [Nr7UYsr] loaded module [reindex]
[2018-08-11T01:06:23,414][INFO ][o.e.p.PluginsService     ] [Nr7UYsr] loaded module [repository-url]
[2018-08-11T01:06:23,414][INFO ][o.e.p.PluginsService     ] [Nr7UYsr] loaded module [transport-netty4]
[2018-08-11T01:06:23,414][INFO ][o.e.p.PluginsService     ] [Nr7UYsr] loaded module [tribe]
[2018-08-11T01:06:23,414][INFO ][o.e.p.PluginsService     ] [Nr7UYsr] loaded module [x-pack-core]
[2018-08-11T01:06:23,414][INFO ][o.e.p.PluginsService     ] [Nr7UYsr] loaded module [x-pack-deprecation]
[2018-08-11T01:06:23,414][INFO ][o.e.p.PluginsService     ] [Nr7UYsr] loaded module [x-pack-graph]
[2018-08-11T01:06:23,414][INFO ][o.e.p.PluginsService     ] [Nr7UYsr] loaded module [x-pack-logstash]
[2018-08-11T01:06:23,414][INFO ][o.e.p.PluginsService     ] [Nr7UYsr] loaded module [x-pack-ml]
[2018-08-11T01:06:23,414][INFO ][o.e.p.PluginsService     ] [Nr7UYsr] loaded module [x-pack-monitoring]
[2018-08-11T01:06:23,414][INFO ][o.e.p.PluginsService     ] [Nr7UYsr] loaded module [x-pack-rollup]
[2018-08-11T01:06:23,414][INFO ][o.e.p.PluginsService     ] [Nr7UYsr] loaded module [x-pack-security]
[2018-08-11T01:06:23,414][INFO ][o.e.p.PluginsService     ] [Nr7UYsr] loaded module [x-pack-sql]
[2018-08-11T01:06:23,414][INFO ][o.e.p.PluginsService     ] [Nr7UYsr] loaded module [x-pack-upgrade]
[2018-08-11T01:06:23,414][INFO ][o.e.p.PluginsService     ] [Nr7UYsr] loaded module [x-pack-watcher]
[2018-08-11T01:06:23,454][INFO ][o.e.p.PluginsService     ] [Nr7UYsr] no plugins loaded
[2018-08-11T01:06:25,177][INFO ][o.e.x.s.a.s.FileRolesStore] [Nr7UYsr] parsed [0] roles from file [/home/nermin/Diplomski_rad/elasticsearch-6.3.2/config/roles.yml]
[2018-08-11T01:06:25,411][INFO ][o.e.x.m.j.p.l.CppLogMessageHandler] [controller/8592] [Main.cc@109] controller (64 bit): Version 6.3.2 (Build 903094f295d249) Copyright (c) 2018 Elasticsearch BV
[2018-08-11T01:06:25,608][DEBUG][o.e.a.ActionModule       ] Using REST wrapper from plugin org.elasticsearch.xpack.security.Security
[2018-08-11T01:06:25,739][INFO ][o.e.d.DiscoveryModule    ] [Nr7UYsr] using discovery type [zen]
[2018-08-11T01:06:26,174][INFO ][o.e.n.Node               ] [Nr7UYsr] initialized
[2018-08-11T01:06:26,174][INFO ][o.e.n.Node               ] [Nr7UYsr] starting ...
[2018-08-11T01:06:26,259][INFO ][o.e.t.TransportService   ] [Nr7UYsr] publish_address {127.0.0.1:9300}, bound_addresses {[::1]:9300}, {127.0.0.1:9300}
[2018-08-11T01:06:26,273][WARN ][o.e.b.BootstrapChecks    ] [Nr7UYsr] max file descriptors [4096] for elasticsearch process is too low, increase to at least [65536]
[2018-08-11T01:06:26,273][WARN ][o.e.b.BootstrapChecks    ] [Nr7UYsr] max virtual memory areas vm.max_map_count [65530] is too low, increase to at least [262144]
[2018-08-11T01:06:29,303][INFO ][o.e.c.s.MasterService    ] [Nr7UYsr] zen-disco-elected-as-master ([0] nodes joined)[, ], reason: new_master {Nr7UYsr}{Nr7UYsrgRVC308VTNLTlIQ}{T1LtfxfjQHakDjf08qZIqA}{127.0.0.1}{127.0.0.1:9300}{ml.machine_memory=16680050688, xpack.installed=true, ml.max_open_jobs=20, ml.enabled=true}
[2018-08-11T01:06:29,306][INFO ][o.e.c.s.ClusterApplierService] [Nr7UYsr] new_master {Nr7UYsr}{Nr7UYsrgRVC308VTNLTlIQ}{T1LtfxfjQHakDjf08qZIqA}{127.0.0.1}{127.0.0.1:9300}{ml.machine_memory=16680050688, xpack.installed=true, ml.max_open_jobs=20, ml.enabled=true}, reason: apply cluster state (from master [master {Nr7UYsr}{Nr7UYsrgRVC308VTNLTlIQ}{T1LtfxfjQHakDjf08qZIqA}{127.0.0.1}{127.0.0.1:9300}{ml.machine_memory=16680050688, xpack.installed=true, ml.max_open_jobs=20, ml.enabled=true} committed version [1] source [zen-disco-elected-as-master ([0] nodes joined)[, ]]])
[2018-08-11T01:06:29,329][INFO ][o.e.x.s.t.n.SecurityNetty4HttpServerTransport] [Nr7UYsr] publish_address {127.0.0.1:9200}, bound_addresses {[::1]:9200}, {127.0.0.1:9200}
[2018-08-11T01:06:29,330][INFO ][o.e.n.Node               ] [Nr7UYsr] started
[2018-08-11T01:06:29,553][WARN ][o.e.x.s.a.s.m.NativeRoleMappingStore] [Nr7UYsr] Failed to clear cache for realms [[]]
[2018-08-11T01:06:29,561][INFO ][o.e.l.LicenseService     ] [Nr7UYsr] license [6c1b0964-f84d-46f3-b13d-c4ea20c7cad5] mode [basic] - valid
[2018-08-11T01:06:29,567][INFO ][o.e.g.GatewayService     ] [Nr7UYsr] recovered [1] indices into cluster_state
[2018-08-11T01:06:29,708][INFO ][o.e.c.r.a.AllocationService] [Nr7UYsr] Cluster health status changed from [RED] to [YELLOW] (reason: [shards started [[customer][0]] ...]).
[2018-08-11T01:08:52,380][INFO ][o.e.x.m.j.p.NativeController] Native controller process has stopped - no new native processes can be started
[2018-08-11T01:08:52,382][INFO ][o.e.n.Node               ] [Nr7UYsr] stopping ...
[2018-08-11T01:08:52,399][INFO ][o.e.x.w.WatcherService   ] [Nr7UYsr] stopping watch service, reason [shutdown initiated]
[2018-08-11T01:08:52,665][INFO ][o.e.n.Node               ] [Nr7UYsr] stopped
[2018-08-11T01:08:52,665][INFO ][o.e.n.Node               ] [Nr7UYsr] closing ...
[2018-08-11T01:08:52,685][INFO ][o.e.n.Node               ] [Nr7UYsr] closed
[2018-08-11T01:09:38,149][INFO ][o.e.n.Node               ] [] initializing ...
[2018-08-11T01:09:38,182][INFO ][o.e.e.NodeEnvironment    ] [Nr7UYsr] using [1] data paths, mounts [[/ (/dev/sda5)]], net usable_space [43.6gb], net total_space [54.7gb], types [ext4]
[2018-08-11T01:09:38,183][INFO ][o.e.e.NodeEnvironment    ] [Nr7UYsr] heap size [989.8mb], compressed ordinary object pointers [true]
[2018-08-11T01:09:38,189][INFO ][o.e.n.Node               ] [Nr7UYsr] node name derived from node ID [Nr7UYsrgRVC308VTNLTlIQ]; set [node.name] to override
[2018-08-11T01:09:38,189][INFO ][o.e.n.Node               ] [Nr7UYsr] version[6.3.2], pid[8752], build[default/zip/053779d/2018-07-20T05:20:23.451332Z], OS[Linux/4.15.0-30-generic/amd64], JVM[Oracle Corporation/Java HotSpot(TM) 64-Bit Server VM/1.8.0_181/25.181-b13]
[2018-08-11T01:09:38,189][INFO ][o.e.n.Node               ] [Nr7UYsr] JVM arguments [-Xms1g, -Xmx1g, -XX:+UseConcMarkSweepGC, -XX:CMSInitiatingOccupancyFraction=75, -XX:+UseCMSInitiatingOccupancyOnly, -XX:+AlwaysPreTouch, -Xss1m, -Djava.awt.headless=true, -Dfile.encoding=UTF-8, -Djna.nosys=true, -XX:-OmitStackTraceInFastThrow, -Dio.netty.noUnsafe=true, -Dio.netty.noKeySetOptimization=true, -Dio.netty.recycler.maxCapacityPerThread=0, -Dlog4j.shutdownHookEnabled=false, -Dlog4j2.disable.jmx=true, -Djava.io.tmpdir=/tmp/elasticsearch.fOPncUGT, -XX:+HeapDumpOnOutOfMemoryError, -XX:HeapDumpPath=data, -XX:ErrorFile=logs/hs_err_pid%p.log, -XX:+PrintGCDetails, -XX:+PrintGCDateStamps, -XX:+PrintTenuringDistribution, -XX:+PrintGCApplicationStoppedTime, -Xloggc:logs/gc.log, -XX:+UseGCLogFileRotation, -XX:NumberOfGCLogFiles=32, -XX:GCLogFileSize=64m, -Des.path.home=/home/nermin/Diplomski_rad/elasticsearch-6.3.2, -Des.path.conf=/home/nermin/Diplomski_rad/elasticsearch-6.3.2/config, -Des.distribution.flavor=default, -Des.distribution.type=zip]
[2018-08-11T01:09:39,237][INFO ][o.e.p.PluginsService     ] [Nr7UYsr] loaded module [aggs-matrix-stats]
[2018-08-11T01:09:39,237][INFO ][o.e.p.PluginsService     ] [Nr7UYsr] loaded module [analysis-common]
[2018-08-11T01:09:39,237][INFO ][o.e.p.PluginsService     ] [Nr7UYsr] loaded module [ingest-common]
[2018-08-11T01:09:39,237][INFO ][o.e.p.PluginsService     ] [Nr7UYsr] loaded module [lang-expression]
[2018-08-11T01:09:39,238][INFO ][o.e.p.PluginsService     ] [Nr7UYsr] loaded module [lang-mustache]
[2018-08-11T01:09:39,238][INFO ][o.e.p.PluginsService     ] [Nr7UYsr] loaded module [lang-painless]
[2018-08-11T01:09:39,238][INFO ][o.e.p.PluginsService     ] [Nr7UYsr] loaded module [mapper-extras]
[2018-08-11T01:09:39,238][INFO ][o.e.p.PluginsService     ] [Nr7UYsr] loaded module [parent-join]
[2018-08-11T01:09:39,238][INFO ][o.e.p.PluginsService     ] [Nr7UYsr] loaded module [percolator]
[2018-08-11T01:09:39,238][INFO ][o.e.p.PluginsService     ] [Nr7UYsr] loaded module [rank-eval]
[2018-08-11T01:09:39,238][INFO ][o.e.p.PluginsService     ] [Nr7UYsr] loaded module [reindex]
[2018-08-11T01:09:39,238][INFO ][o.e.p.PluginsService     ] [Nr7UYsr] loaded module [repository-url]
[2018-08-11T01:09:39,238][INFO ][o.e.p.PluginsService     ] [Nr7UYsr] loaded module [transport-netty4]
[2018-08-11T01:09:39,238][INFO ][o.e.p.PluginsService     ] [Nr7UYsr] loaded module [tribe]
[2018-08-11T01:09:39,238][INFO ][o.e.p.PluginsService     ] [Nr7UYsr] loaded module [x-pack-core]
[2018-08-11T01:09:39,238][INFO ][o.e.p.PluginsService     ] [Nr7UYsr] loaded module [x-pack-deprecation]
[2018-08-11T01:09:39,238][INFO ][o.e.p.PluginsService     ] [Nr7UYsr] loaded module [x-pack-graph]
[2018-08-11T01:09:39,238][INFO ][o.e.p.PluginsService     ] [Nr7UYsr] loaded module [x-pack-logstash]
[2018-08-11T01:09:39,238][INFO ][o.e.p.PluginsService     ] [Nr7UYsr] loaded module [x-pack-ml]
[2018-08-11T01:09:39,238][INFO ][o.e.p.PluginsService     ] [Nr7UYsr] loaded module [x-pack-monitoring]
[2018-08-11T01:09:39,239][INFO ][o.e.p.PluginsService     ] [Nr7UYsr] loaded module [x-pack-rollup]
[2018-08-11T01:09:39,239][INFO ][o.e.p.PluginsService     ] [Nr7UYsr] loaded module [x-pack-security]
[2018-08-11T01:09:39,239][INFO ][o.e.p.PluginsService     ] [Nr7UYsr] loaded module [x-pack-sql]
[2018-08-11T01:09:39,239][INFO ][o.e.p.PluginsService     ] [Nr7UYsr] loaded module [x-pack-upgrade]
[2018-08-11T01:09:39,239][INFO ][o.e.p.PluginsService     ] [Nr7UYsr] loaded module [x-pack-watcher]
[2018-08-11T01:09:39,239][INFO ][o.e.p.PluginsService     ] [Nr7UYsr] no plugins loaded
[2018-08-11T01:09:40,986][INFO ][o.e.x.s.a.s.FileRolesStore] [Nr7UYsr] parsed [0] roles from file [/home/nermin/Diplomski_rad/elasticsearch-6.3.2/config/roles.yml]
[2018-08-11T01:09:41,227][INFO ][o.e.x.m.j.p.l.CppLogMessageHandler] [controller/8824] [Main.cc@109] controller (64 bit): Version 6.3.2 (Build 903094f295d249) Copyright (c) 2018 Elasticsearch BV
[2018-08-11T01:09:41,428][DEBUG][o.e.a.ActionModule       ] Using REST wrapper from plugin org.elasticsearch.xpack.security.Security
[2018-08-11T01:09:41,557][INFO ][o.e.d.DiscoveryModule    ] [Nr7UYsr] using discovery type [zen]
[2018-08-11T01:09:41,996][INFO ][o.e.n.Node               ] [Nr7UYsr] initialized
[2018-08-11T01:09:41,997][INFO ][o.e.n.Node               ] [Nr7UYsr] starting ...
[2018-08-11T01:09:42,064][ERROR][o.e.b.Bootstrap          ] [Nr7UYsr] Exception
java.lang.IllegalArgumentException: No up-and-running global-scope (public) addresses found, got [name:lo (lo), name:wlx503eaa4c8659 (wlx503eaa4c8659)]
	at org.elasticsearch.common.network.NetworkUtils.getGlobalAddresses(NetworkUtils.java:204) ~[elasticsearch-6.3.2.jar:6.3.2]
	at org.elasticsearch.common.network.NetworkService.resolveInternal(NetworkService.java:219) ~[elasticsearch-6.3.2.jar:6.3.2]
	at org.elasticsearch.common.network.NetworkService.resolveInetAddresses(NetworkService.java:187) ~[elasticsearch-6.3.2.jar:6.3.2]
	at org.elasticsearch.common.network.NetworkService.resolveBindHostAddresses(NetworkService.java:106) ~[elasticsearch-6.3.2.jar:6.3.2]
	at org.elasticsearch.transport.TcpTransport.bindServer(TcpTransport.java:758) ~[elasticsearch-6.3.2.jar:6.3.2]
	at org.elasticsearch.transport.netty4.Netty4Transport.doStart(Netty4Transport.java:135) ~[?:?]
	at org.elasticsearch.xpack.core.security.transport.netty4.SecurityNetty4Transport.doStart(SecurityNetty4Transport.java:85) ~[?:?]
	at org.elasticsearch.xpack.security.transport.netty4.SecurityNetty4ServerTransport.doStart(SecurityNetty4ServerTransport.java:41) ~[?:?]
	at org.elasticsearch.common.component.AbstractLifecycleComponent.start(AbstractLifecycleComponent.java:66) ~[elasticsearch-6.3.2.jar:6.3.2]
	at org.elasticsearch.transport.TransportService.doStart(TransportService.java:213) ~[elasticsearch-6.3.2.jar:6.3.2]
	at org.elasticsearch.common.component.AbstractLifecycleComponent.start(AbstractLifecycleComponent.java:66) ~[elasticsearch-6.3.2.jar:6.3.2]
	at org.elasticsearch.node.Node.start(Node.java:652) ~[elasticsearch-6.3.2.jar:6.3.2]
	at org.elasticsearch.bootstrap.Bootstrap.start(Bootstrap.java:265) ~[elasticsearch-6.3.2.jar:6.3.2]
	at org.elasticsearch.bootstrap.Bootstrap.init(Bootstrap.java:335) [elasticsearch-6.3.2.jar:6.3.2]
	at org.elasticsearch.bootstrap.Elasticsearch.init(Elasticsearch.java:136) [elasticsearch-6.3.2.jar:6.3.2]
	at org.elasticsearch.bootstrap.Elasticsearch.execute(Elasticsearch.java:127) [elasticsearch-6.3.2.jar:6.3.2]
	at org.elasticsearch.cli.EnvironmentAwareCommand.execute(EnvironmentAwareCommand.java:86) [elasticsearch-6.3.2.jar:6.3.2]
	at org.elasticsearch.cli.Command.mainWithoutErrorHandling(Command.java:124) [elasticsearch-cli-6.3.2.jar:6.3.2]
	at org.elasticsearch.cli.Command.main(Command.java:90) [elasticsearch-cli-6.3.2.jar:6.3.2]
	at org.elasticsearch.bootstrap.Elasticsearch.main(Elasticsearch.java:93) [elasticsearch-6.3.2.jar:6.3.2]
	at org.elasticsearch.bootstrap.Elasticsearch.main(Elasticsearch.java:86) [elasticsearch-6.3.2.jar:6.3.2]
[2018-08-11T01:09:42,069][WARN ][o.e.b.ElasticsearchUncaughtExceptionHandler] [] uncaught exception in thread [main]
org.elasticsearch.bootstrap.StartupException: java.lang.IllegalArgumentException: No up-and-running global-scope (public) addresses found, got [name:lo (lo), name:wlx503eaa4c8659 (wlx503eaa4c8659)]
	at org.elasticsearch.bootstrap.Elasticsearch.init(Elasticsearch.java:140) ~[elasticsearch-6.3.2.jar:6.3.2]
	at org.elasticsearch.bootstrap.Elasticsearch.execute(Elasticsearch.java:127) ~[elasticsearch-6.3.2.jar:6.3.2]
	at org.elasticsearch.cli.EnvironmentAwareCommand.execute(EnvironmentAwareCommand.java:86) ~[elasticsearch-6.3.2.jar:6.3.2]
	at org.elasticsearch.cli.Command.mainWithoutErrorHandling(Command.java:124) ~[elasticsearch-cli-6.3.2.jar:6.3.2]
	at org.elasticsearch.cli.Command.main(Command.java:90) ~[elasticsearch-cli-6.3.2.jar:6.3.2]
	at org.elasticsearch.bootstrap.Elasticsearch.main(Elasticsearch.java:93) ~[elasticsearch-6.3.2.jar:6.3.2]
	at org.elasticsearch.bootstrap.Elasticsearch.main(Elasticsearch.java:86) ~[elasticsearch-6.3.2.jar:6.3.2]
Caused by: java.lang.IllegalArgumentException: No up-and-running global-scope (public) addresses found, got [name:lo (lo), name:wlx503eaa4c8659 (wlx503eaa4c8659)]
	at org.elasticsearch.common.network.NetworkUtils.getGlobalAddresses(NetworkUtils.java:204) ~[elasticsearch-6.3.2.jar:6.3.2]
	at org.elasticsearch.common.network.NetworkService.resolveInternal(NetworkService.java:219) ~[elasticsearch-6.3.2.jar:6.3.2]
	at org.elasticsearch.common.network.NetworkService.resolveInetAddresses(NetworkService.java:187) ~[elasticsearch-6.3.2.jar:6.3.2]
	at org.elasticsearch.common.network.NetworkService.resolveBindHostAddresses(NetworkService.java:106) ~[elasticsearch-6.3.2.jar:6.3.2]
	at org.elasticsearch.transport.TcpTransport.bindServer(TcpTransport.java:758) ~[elasticsearch-6.3.2.jar:6.3.2]
	at org.elasticsearch.transport.netty4.Netty4Transport.doStart(Netty4Transport.java:135) ~[?:?]
	at org.elasticsearch.xpack.core.security.transport.netty4.SecurityNetty4Transport.doStart(SecurityNetty4Transport.java:85) ~[?:?]
	at org.elasticsearch.xpack.security.transport.netty4.SecurityNetty4ServerTransport.doStart(SecurityNetty4ServerTransport.java:41) ~[?:?]
	at org.elasticsearch.common.component.AbstractLifecycleComponent.start(AbstractLifecycleComponent.java:66) ~[elasticsearch-6.3.2.jar:6.3.2]
	at org.elasticsearch.transport.TransportService.doStart(TransportService.java:213) ~[elasticsearch-6.3.2.jar:6.3.2]
	at org.elasticsearch.common.component.AbstractLifecycleComponent.start(AbstractLifecycleComponent.java:66) ~[elasticsearch-6.3.2.jar:6.3.2]
	at org.elasticsearch.node.Node.start(Node.java:652) ~[elasticsearch-6.3.2.jar:6.3.2]
	at org.elasticsearch.bootstrap.Bootstrap.start(Bootstrap.java:265) ~[elasticsearch-6.3.2.jar:6.3.2]
	at org.elasticsearch.bootstrap.Bootstrap.init(Bootstrap.java:335) ~[elasticsearch-6.3.2.jar:6.3.2]
	at org.elasticsearch.bootstrap.Elasticsearch.init(Elasticsearch.java:136) ~[elasticsearch-6.3.2.jar:6.3.2]
	... 6 more
[2018-08-11T01:09:43,024][INFO ][o.e.n.Node               ] [Nr7UYsr] stopping ...
[2018-08-11T01:09:43,029][INFO ][o.e.n.Node               ] [Nr7UYsr] stopped
[2018-08-11T01:09:43,029][INFO ][o.e.n.Node               ] [Nr7UYsr] closing ...
[2018-08-11T01:09:43,033][INFO ][o.e.n.Node               ] [Nr7UYsr] closed
[2018-08-11T01:09:43,034][INFO ][o.e.x.m.j.p.NativeController] Native controller process has stopped - no new native processes can be started
[2018-08-11T01:11:38,055][INFO ][o.e.n.Node               ] [] initializing ...
[2018-08-11T01:11:38,088][INFO ][o.e.e.NodeEnvironment    ] [Nr7UYsr] using [1] data paths, mounts [[/ (/dev/sda5)]], net usable_space [43.6gb], net total_space [54.7gb], types [ext4]
[2018-08-11T01:11:38,088][INFO ][o.e.e.NodeEnvironment    ] [Nr7UYsr] heap size [989.8mb], compressed ordinary object pointers [true]
[2018-08-11T01:11:38,094][INFO ][o.e.n.Node               ] [Nr7UYsr] node name derived from node ID [Nr7UYsrgRVC308VTNLTlIQ]; set [node.name] to override
[2018-08-11T01:11:38,094][INFO ][o.e.n.Node               ] [Nr7UYsr] version[6.3.2], pid[8904], build[default/zip/053779d/2018-07-20T05:20:23.451332Z], OS[Linux/4.15.0-30-generic/amd64], JVM[Oracle Corporation/Java HotSpot(TM) 64-Bit Server VM/1.8.0_181/25.181-b13]
[2018-08-11T01:11:38,094][INFO ][o.e.n.Node               ] [Nr7UYsr] JVM arguments [-Xms1g, -Xmx1g, -XX:+UseConcMarkSweepGC, -XX:CMSInitiatingOccupancyFraction=75, -XX:+UseCMSInitiatingOccupancyOnly, -XX:+AlwaysPreTouch, -Xss1m, -Djava.awt.headless=true, -Dfile.encoding=UTF-8, -Djna.nosys=true, -XX:-OmitStackTraceInFastThrow, -Dio.netty.noUnsafe=true, -Dio.netty.noKeySetOptimization=true, -Dio.netty.recycler.maxCapacityPerThread=0, -Dlog4j.shutdownHookEnabled=false, -Dlog4j2.disable.jmx=true, -Djava.io.tmpdir=/tmp/elasticsearch.ENSLuYp9, -XX:+HeapDumpOnOutOfMemoryError, -XX:HeapDumpPath=data, -XX:ErrorFile=logs/hs_err_pid%p.log, -XX:+PrintGCDetails, -XX:+PrintGCDateStamps, -XX:+PrintTenuringDistribution, -XX:+PrintGCApplicationStoppedTime, -Xloggc:logs/gc.log, -XX:+UseGCLogFileRotation, -XX:NumberOfGCLogFiles=32, -XX:GCLogFileSize=64m, -Des.path.home=/home/nermin/Diplomski_rad/elasticsearch-6.3.2, -Des.path.conf=/home/nermin/Diplomski_rad/elasticsearch-6.3.2/config, -Des.distribution.flavor=default, -Des.distribution.type=zip]
[2018-08-11T01:11:39,173][INFO ][o.e.p.PluginsService     ] [Nr7UYsr] loaded module [aggs-matrix-stats]
[2018-08-11T01:11:39,173][INFO ][o.e.p.PluginsService     ] [Nr7UYsr] loaded module [analysis-common]
[2018-08-11T01:11:39,173][INFO ][o.e.p.PluginsService     ] [Nr7UYsr] loaded module [ingest-common]
[2018-08-11T01:11:39,174][INFO ][o.e.p.PluginsService     ] [Nr7UYsr] loaded module [lang-expression]
[2018-08-11T01:11:39,174][INFO ][o.e.p.PluginsService     ] [Nr7UYsr] loaded module [lang-mustache]
[2018-08-11T01:11:39,174][INFO ][o.e.p.PluginsService     ] [Nr7UYsr] loaded module [lang-painless]
[2018-08-11T01:11:39,174][INFO ][o.e.p.PluginsService     ] [Nr7UYsr] loaded module [mapper-extras]
[2018-08-11T01:11:39,174][INFO ][o.e.p.PluginsService     ] [Nr7UYsr] loaded module [parent-join]
[2018-08-11T01:11:39,174][INFO ][o.e.p.PluginsService     ] [Nr7UYsr] loaded module [percolator]
[2018-08-11T01:11:39,174][INFO ][o.e.p.PluginsService     ] [Nr7UYsr] loaded module [rank-eval]
[2018-08-11T01:11:39,174][INFO ][o.e.p.PluginsService     ] [Nr7UYsr] loaded module [reindex]
[2018-08-11T01:11:39,174][INFO ][o.e.p.PluginsService     ] [Nr7UYsr] loaded module [repository-url]
[2018-08-11T01:11:39,174][INFO ][o.e.p.PluginsService     ] [Nr7UYsr] loaded module [transport-netty4]
[2018-08-11T01:11:39,174][INFO ][o.e.p.PluginsService     ] [Nr7UYsr] loaded module [tribe]
[2018-08-11T01:11:39,174][INFO ][o.e.p.PluginsService     ] [Nr7UYsr] loaded module [x-pack-core]
[2018-08-11T01:11:39,174][INFO ][o.e.p.PluginsService     ] [Nr7UYsr] loaded module [x-pack-deprecation]
[2018-08-11T01:11:39,174][INFO ][o.e.p.PluginsService     ] [Nr7UYsr] loaded module [x-pack-graph]
[2018-08-11T01:11:39,174][INFO ][o.e.p.PluginsService     ] [Nr7UYsr] loaded module [x-pack-logstash]
[2018-08-11T01:11:39,175][INFO ][o.e.p.PluginsService     ] [Nr7UYsr] loaded module [x-pack-ml]
[2018-08-11T01:11:39,175][INFO ][o.e.p.PluginsService     ] [Nr7UYsr] loaded module [x-pack-monitoring]
[2018-08-11T01:11:39,175][INFO ][o.e.p.PluginsService     ] [Nr7UYsr] loaded module [x-pack-rollup]
[2018-08-11T01:11:39,175][INFO ][o.e.p.PluginsService     ] [Nr7UYsr] loaded module [x-pack-security]
[2018-08-11T01:11:39,175][INFO ][o.e.p.PluginsService     ] [Nr7UYsr] loaded module [x-pack-sql]
[2018-08-11T01:11:39,175][INFO ][o.e.p.PluginsService     ] [Nr7UYsr] loaded module [x-pack-upgrade]
[2018-08-11T01:11:39,175][INFO ][o.e.p.PluginsService     ] [Nr7UYsr] loaded module [x-pack-watcher]
[2018-08-11T01:11:39,175][INFO ][o.e.p.PluginsService     ] [Nr7UYsr] no plugins loaded
[2018-08-11T01:11:40,922][INFO ][o.e.x.s.a.s.FileRolesStore] [Nr7UYsr] parsed [0] roles from file [/home/nermin/Diplomski_rad/elasticsearch-6.3.2/config/roles.yml]
[2018-08-11T01:11:41,169][INFO ][o.e.x.m.j.p.l.CppLogMessageHandler] [controller/8976] [Main.cc@109] controller (64 bit): Version 6.3.2 (Build 903094f295d249) Copyright (c) 2018 Elasticsearch BV
[2018-08-11T01:11:41,367][DEBUG][o.e.a.ActionModule       ] Using REST wrapper from plugin org.elasticsearch.xpack.security.Security
[2018-08-11T01:11:41,496][INFO ][o.e.d.DiscoveryModule    ] [Nr7UYsr] using discovery type [zen]
[2018-08-11T01:11:41,931][INFO ][o.e.n.Node               ] [Nr7UYsr] initialized
[2018-08-11T01:11:41,932][INFO ][o.e.n.Node               ] [Nr7UYsr] starting ...
[2018-08-11T01:11:42,015][INFO ][o.e.t.TransportService   ] [Nr7UYsr] publish_address {127.0.0.1:9300}, bound_addresses {[::1]:9300}, {127.0.0.1:9300}
[2018-08-11T01:11:42,030][WARN ][o.e.b.BootstrapChecks    ] [Nr7UYsr] max file descriptors [4096] for elasticsearch process is too low, increase to at least [65536]
[2018-08-11T01:11:42,030][WARN ][o.e.b.BootstrapChecks    ] [Nr7UYsr] max virtual memory areas vm.max_map_count [65530] is too low, increase to at least [262144]
[2018-08-11T01:11:45,065][INFO ][o.e.c.s.MasterService    ] [Nr7UYsr] zen-disco-elected-as-master ([0] nodes joined)[, ], reason: new_master {Nr7UYsr}{Nr7UYsrgRVC308VTNLTlIQ}{8AkqF_91TlCYCUfx9XFA2Q}{127.0.0.1}{127.0.0.1:9300}{ml.machine_memory=16680050688, xpack.installed=true, ml.max_open_jobs=20, ml.enabled=true}
[2018-08-11T01:11:45,067][INFO ][o.e.c.s.ClusterApplierService] [Nr7UYsr] new_master {Nr7UYsr}{Nr7UYsrgRVC308VTNLTlIQ}{8AkqF_91TlCYCUfx9XFA2Q}{127.0.0.1}{127.0.0.1:9300}{ml.machine_memory=16680050688, xpack.installed=true, ml.max_open_jobs=20, ml.enabled=true}, reason: apply cluster state (from master [master {Nr7UYsr}{Nr7UYsrgRVC308VTNLTlIQ}{8AkqF_91TlCYCUfx9XFA2Q}{127.0.0.1}{127.0.0.1:9300}{ml.machine_memory=16680050688, xpack.installed=true, ml.max_open_jobs=20, ml.enabled=true} committed version [1] source [zen-disco-elected-as-master ([0] nodes joined)[, ]]])
[2018-08-11T01:11:45,098][INFO ][o.e.x.s.t.n.SecurityNetty4HttpServerTransport] [Nr7UYsr] publish_address {127.0.0.1:9200}, bound_addresses {[::1]:9200}, {127.0.0.1:9200}
[2018-08-11T01:11:45,098][INFO ][o.e.n.Node               ] [Nr7UYsr] started
[2018-08-11T01:11:45,335][WARN ][o.e.x.s.a.s.m.NativeRoleMappingStore] [Nr7UYsr] Failed to clear cache for realms [[]]
[2018-08-11T01:11:45,343][INFO ][o.e.l.LicenseService     ] [Nr7UYsr] license [6c1b0964-f84d-46f3-b13d-c4ea20c7cad5] mode [basic] - valid
[2018-08-11T01:11:45,349][INFO ][o.e.g.GatewayService     ] [Nr7UYsr] recovered [1] indices into cluster_state
[2018-08-11T01:11:45,493][INFO ][o.e.c.r.a.AllocationService] [Nr7UYsr] Cluster health status changed from [RED] to [YELLOW] (reason: [shards started [[customer][0], [customer][3], [customer][2]] ...]).
[2018-08-11T01:20:05,182][INFO ][o.e.x.m.j.p.NativeController] Native controller process has stopped - no new native processes can be started
[2018-08-11T01:20:05,184][INFO ][o.e.n.Node               ] [Nr7UYsr] stopping ...
[2018-08-11T01:20:05,204][INFO ][o.e.x.w.WatcherService   ] [Nr7UYsr] stopping watch service, reason [shutdown initiated]
[2018-08-11T01:20:05,521][INFO ][o.e.n.Node               ] [Nr7UYsr] stopped
[2018-08-11T01:20:05,521][INFO ][o.e.n.Node               ] [Nr7UYsr] closing ...
[2018-08-11T01:20:05,525][INFO ][o.e.n.Node               ] [Nr7UYsr] closed
[2018-08-11T01:20:10,434][INFO ][o.e.n.Node               ] [] initializing ...
[2018-08-11T01:20:10,467][INFO ][o.e.e.NodeEnvironment    ] [Nr7UYsr] using [1] data paths, mounts [[/ (/dev/sda5)]], net usable_space [43.6gb], net total_space [54.7gb], types [ext4]
[2018-08-11T01:20:10,467][INFO ][o.e.e.NodeEnvironment    ] [Nr7UYsr] heap size [989.8mb], compressed ordinary object pointers [true]
[2018-08-11T01:20:10,473][INFO ][o.e.n.Node               ] [Nr7UYsr] node name derived from node ID [Nr7UYsrgRVC308VTNLTlIQ]; set [node.name] to override
[2018-08-11T01:20:10,474][INFO ][o.e.n.Node               ] [Nr7UYsr] version[6.3.2], pid[9863], build[default/zip/053779d/2018-07-20T05:20:23.451332Z], OS[Linux/4.15.0-30-generic/amd64], JVM[Oracle Corporation/Java HotSpot(TM) 64-Bit Server VM/1.8.0_181/25.181-b13]
[2018-08-11T01:20:10,474][INFO ][o.e.n.Node               ] [Nr7UYsr] JVM arguments [-Xms1g, -Xmx1g, -XX:+UseConcMarkSweepGC, -XX:CMSInitiatingOccupancyFraction=75, -XX:+UseCMSInitiatingOccupancyOnly, -XX:+AlwaysPreTouch, -Xss1m, -Djava.awt.headless=true, -Dfile.encoding=UTF-8, -Djna.nosys=true, -XX:-OmitStackTraceInFastThrow, -Dio.netty.noUnsafe=true, -Dio.netty.noKeySetOptimization=true, -Dio.netty.recycler.maxCapacityPerThread=0, -Dlog4j.shutdownHookEnabled=false, -Dlog4j2.disable.jmx=true, -Djava.io.tmpdir=/tmp/elasticsearch.OZwqIF8C, -XX:+HeapDumpOnOutOfMemoryError, -XX:HeapDumpPath=data, -XX:ErrorFile=logs/hs_err_pid%p.log, -XX:+PrintGCDetails, -XX:+PrintGCDateStamps, -XX:+PrintTenuringDistribution, -XX:+PrintGCApplicationStoppedTime, -Xloggc:logs/gc.log, -XX:+UseGCLogFileRotation, -XX:NumberOfGCLogFiles=32, -XX:GCLogFileSize=64m, -Des.path.home=/home/nermin/Diplomski_rad/elasticsearch-6.3.2, -Des.path.conf=/home/nermin/Diplomski_rad/elasticsearch-6.3.2/config, -Des.distribution.flavor=default, -Des.distribution.type=zip]
[2018-08-11T01:20:11,541][INFO ][o.e.p.PluginsService     ] [Nr7UYsr] loaded module [aggs-matrix-stats]
[2018-08-11T01:20:11,542][INFO ][o.e.p.PluginsService     ] [Nr7UYsr] loaded module [analysis-common]
[2018-08-11T01:20:11,542][INFO ][o.e.p.PluginsService     ] [Nr7UYsr] loaded module [ingest-common]
[2018-08-11T01:20:11,542][INFO ][o.e.p.PluginsService     ] [Nr7UYsr] loaded module [lang-expression]
[2018-08-11T01:20:11,542][INFO ][o.e.p.PluginsService     ] [Nr7UYsr] loaded module [lang-mustache]
[2018-08-11T01:20:11,542][INFO ][o.e.p.PluginsService     ] [Nr7UYsr] loaded module [lang-painless]
[2018-08-11T01:20:11,542][INFO ][o.e.p.PluginsService     ] [Nr7UYsr] loaded module [mapper-extras]
[2018-08-11T01:20:11,542][INFO ][o.e.p.PluginsService     ] [Nr7UYsr] loaded module [parent-join]
[2018-08-11T01:20:11,542][INFO ][o.e.p.PluginsService     ] [Nr7UYsr] loaded module [percolator]
[2018-08-11T01:20:11,542][INFO ][o.e.p.PluginsService     ] [Nr7UYsr] loaded module [rank-eval]
[2018-08-11T01:20:11,542][INFO ][o.e.p.PluginsService     ] [Nr7UYsr] loaded module [reindex]
[2018-08-11T01:20:11,542][INFO ][o.e.p.PluginsService     ] [Nr7UYsr] loaded module [repository-url]
[2018-08-11T01:20:11,542][INFO ][o.e.p.PluginsService     ] [Nr7UYsr] loaded module [transport-netty4]
[2018-08-11T01:20:11,542][INFO ][o.e.p.PluginsService     ] [Nr7UYsr] loaded module [tribe]
[2018-08-11T01:20:11,543][INFO ][o.e.p.PluginsService     ] [Nr7UYsr] loaded module [x-pack-core]
[2018-08-11T01:20:11,543][INFO ][o.e.p.PluginsService     ] [Nr7UYsr] loaded module [x-pack-deprecation]
[2018-08-11T01:20:11,543][INFO ][o.e.p.PluginsService     ] [Nr7UYsr] loaded module [x-pack-graph]
[2018-08-11T01:20:11,543][INFO ][o.e.p.PluginsService     ] [Nr7UYsr] loaded module [x-pack-logstash]
[2018-08-11T01:20:11,543][INFO ][o.e.p.PluginsService     ] [Nr7UYsr] loaded module [x-pack-ml]
[2018-08-11T01:20:11,543][INFO ][o.e.p.PluginsService     ] [Nr7UYsr] loaded module [x-pack-monitoring]
[2018-08-11T01:20:11,543][INFO ][o.e.p.PluginsService     ] [Nr7UYsr] loaded module [x-pack-rollup]
[2018-08-11T01:20:11,543][INFO ][o.e.p.PluginsService     ] [Nr7UYsr] loaded module [x-pack-security]
[2018-08-11T01:20:11,543][INFO ][o.e.p.PluginsService     ] [Nr7UYsr] loaded module [x-pack-sql]
[2018-08-11T01:20:11,543][INFO ][o.e.p.PluginsService     ] [Nr7UYsr] loaded module [x-pack-upgrade]
[2018-08-11T01:20:11,543][INFO ][o.e.p.PluginsService     ] [Nr7UYsr] loaded module [x-pack-watcher]
[2018-08-11T01:20:11,543][INFO ][o.e.p.PluginsService     ] [Nr7UYsr] no plugins loaded
[2018-08-11T01:20:13,325][INFO ][o.e.x.s.a.s.FileRolesStore] [Nr7UYsr] parsed [0] roles from file [/home/nermin/Diplomski_rad/elasticsearch-6.3.2/config/roles.yml]
[2018-08-11T01:20:13,562][INFO ][o.e.x.m.j.p.l.CppLogMessageHandler] [controller/9935] [Main.cc@109] controller (64 bit): Version 6.3.2 (Build 903094f295d249) Copyright (c) 2018 Elasticsearch BV
[2018-08-11T01:20:13,769][DEBUG][o.e.a.ActionModule       ] Using REST wrapper from plugin org.elasticsearch.xpack.security.Security
[2018-08-11T01:20:13,899][INFO ][o.e.d.DiscoveryModule    ] [Nr7UYsr] using discovery type [zen]
[2018-08-11T01:20:14,332][INFO ][o.e.n.Node               ] [Nr7UYsr] initialized
[2018-08-11T01:20:14,332][INFO ][o.e.n.Node               ] [Nr7UYsr] starting ...
[2018-08-11T01:20:14,422][INFO ][o.e.t.TransportService   ] [Nr7UYsr] publish_address {127.0.0.1:9300}, bound_addresses {[::1]:9300}, {127.0.0.1:9300}
[2018-08-11T01:20:14,437][WARN ][o.e.b.BootstrapChecks    ] [Nr7UYsr] max file descriptors [4096] for elasticsearch process is too low, increase to at least [65536]
[2018-08-11T01:20:14,437][WARN ][o.e.b.BootstrapChecks    ] [Nr7UYsr] max virtual memory areas vm.max_map_count [65530] is too low, increase to at least [262144]
[2018-08-11T01:20:17,467][INFO ][o.e.c.s.MasterService    ] [Nr7UYsr] zen-disco-elected-as-master ([0] nodes joined)[, ], reason: new_master {Nr7UYsr}{Nr7UYsrgRVC308VTNLTlIQ}{PfdLDLutSK6L3tmFB6qx2g}{127.0.0.1}{127.0.0.1:9300}{ml.machine_memory=16680050688, xpack.installed=true, ml.max_open_jobs=20, ml.enabled=true}
[2018-08-11T01:20:17,470][INFO ][o.e.c.s.ClusterApplierService] [Nr7UYsr] new_master {Nr7UYsr}{Nr7UYsrgRVC308VTNLTlIQ}{PfdLDLutSK6L3tmFB6qx2g}{127.0.0.1}{127.0.0.1:9300}{ml.machine_memory=16680050688, xpack.installed=true, ml.max_open_jobs=20, ml.enabled=true}, reason: apply cluster state (from master [master {Nr7UYsr}{Nr7UYsrgRVC308VTNLTlIQ}{PfdLDLutSK6L3tmFB6qx2g}{127.0.0.1}{127.0.0.1:9300}{ml.machine_memory=16680050688, xpack.installed=true, ml.max_open_jobs=20, ml.enabled=true} committed version [1] source [zen-disco-elected-as-master ([0] nodes joined)[, ]]])
[2018-08-11T01:20:17,495][INFO ][o.e.x.s.t.n.SecurityNetty4HttpServerTransport] [Nr7UYsr] publish_address {127.0.0.1:9200}, bound_addresses {[::1]:9200}, {127.0.0.1:9200}
[2018-08-11T01:20:17,496][INFO ][o.e.n.Node               ] [Nr7UYsr] started
[2018-08-11T01:20:17,729][WARN ][o.e.x.s.a.s.m.NativeRoleMappingStore] [Nr7UYsr] Failed to clear cache for realms [[]]
[2018-08-11T01:20:17,737][INFO ][o.e.l.LicenseService     ] [Nr7UYsr] license [6c1b0964-f84d-46f3-b13d-c4ea20c7cad5] mode [basic] - valid
[2018-08-11T01:20:17,743][INFO ][o.e.g.GatewayService     ] [Nr7UYsr] recovered [1] indices into cluster_state
[2018-08-11T01:20:17,886][INFO ][o.e.c.r.a.AllocationService] [Nr7UYsr] Cluster health status changed from [RED] to [YELLOW] (reason: [shards started [[customer][4]] ...]).
[2018-08-11T01:20:32,181][INFO ][o.e.x.m.j.p.NativeController] Native controller process has stopped - no new native processes can be started
[2018-08-11T01:20:32,184][INFO ][o.e.n.Node               ] [Nr7UYsr] stopping ...
[2018-08-11T01:20:32,207][INFO ][o.e.x.w.WatcherService   ] [Nr7UYsr] stopping watch service, reason [shutdown initiated]
[2018-08-11T01:20:32,300][INFO ][o.e.n.Node               ] [Nr7UYsr] stopped
[2018-08-11T01:20:32,301][INFO ][o.e.n.Node               ] [Nr7UYsr] closing ...
[2018-08-11T01:20:32,320][INFO ][o.e.n.Node               ] [Nr7UYsr] closed
[2018-08-11T01:21:45,248][INFO ][o.e.n.Node               ] [] initializing ...
[2018-08-11T01:21:45,282][INFO ][o.e.e.NodeEnvironment    ] [Nr7UYsr] using [1] data paths, mounts [[/ (/dev/sda5)]], net usable_space [43.6gb], net total_space [54.7gb], types [ext4]
[2018-08-11T01:21:45,282][INFO ][o.e.e.NodeEnvironment    ] [Nr7UYsr] heap size [989.8mb], compressed ordinary object pointers [true]
[2018-08-11T01:21:45,288][INFO ][o.e.n.Node               ] [Nr7UYsr] node name derived from node ID [Nr7UYsrgRVC308VTNLTlIQ]; set [node.name] to override
[2018-08-11T01:21:45,289][INFO ][o.e.n.Node               ] [Nr7UYsr] version[6.3.2], pid[10027], build[default/zip/053779d/2018-07-20T05:20:23.451332Z], OS[Linux/4.15.0-30-generic/amd64], JVM[Oracle Corporation/Java HotSpot(TM) 64-Bit Server VM/1.8.0_181/25.181-b13]
[2018-08-11T01:21:45,289][INFO ][o.e.n.Node               ] [Nr7UYsr] JVM arguments [-Xms1g, -Xmx1g, -XX:+UseConcMarkSweepGC, -XX:CMSInitiatingOccupancyFraction=75, -XX:+UseCMSInitiatingOccupancyOnly, -XX:+AlwaysPreTouch, -Xss1m, -Djava.awt.headless=true, -Dfile.encoding=UTF-8, -Djna.nosys=true, -XX:-OmitStackTraceInFastThrow, -Dio.netty.noUnsafe=true, -Dio.netty.noKeySetOptimization=true, -Dio.netty.recycler.maxCapacityPerThread=0, -Dlog4j.shutdownHookEnabled=false, -Dlog4j2.disable.jmx=true, -Djava.io.tmpdir=/tmp/elasticsearch.oWFPpbvl, -XX:+HeapDumpOnOutOfMemoryError, -XX:HeapDumpPath=data, -XX:ErrorFile=logs/hs_err_pid%p.log, -XX:+PrintGCDetails, -XX:+PrintGCDateStamps, -XX:+PrintTenuringDistribution, -XX:+PrintGCApplicationStoppedTime, -Xloggc:logs/gc.log, -XX:+UseGCLogFileRotation, -XX:NumberOfGCLogFiles=32, -XX:GCLogFileSize=64m, -Des.path.home=/home/nermin/Diplomski_rad/elasticsearch-6.3.2, -Des.path.conf=/home/nermin/Diplomski_rad/elasticsearch-6.3.2/config, -Des.distribution.flavor=default, -Des.distribution.type=zip]
[2018-08-11T01:21:46,364][INFO ][o.e.p.PluginsService     ] [Nr7UYsr] loaded module [aggs-matrix-stats]
[2018-08-11T01:21:46,364][INFO ][o.e.p.PluginsService     ] [Nr7UYsr] loaded module [analysis-common]
[2018-08-11T01:21:46,364][INFO ][o.e.p.PluginsService     ] [Nr7UYsr] loaded module [ingest-common]
[2018-08-11T01:21:46,364][INFO ][o.e.p.PluginsService     ] [Nr7UYsr] loaded module [lang-expression]
[2018-08-11T01:21:46,364][INFO ][o.e.p.PluginsService     ] [Nr7UYsr] loaded module [lang-mustache]
[2018-08-11T01:21:46,364][INFO ][o.e.p.PluginsService     ] [Nr7UYsr] loaded module [lang-painless]
[2018-08-11T01:21:46,364][INFO ][o.e.p.PluginsService     ] [Nr7UYsr] loaded module [mapper-extras]
[2018-08-11T01:21:46,364][INFO ][o.e.p.PluginsService     ] [Nr7UYsr] loaded module [parent-join]
[2018-08-11T01:21:46,365][INFO ][o.e.p.PluginsService     ] [Nr7UYsr] loaded module [percolator]
[2018-08-11T01:21:46,365][INFO ][o.e.p.PluginsService     ] [Nr7UYsr] loaded module [rank-eval]
[2018-08-11T01:21:46,365][INFO ][o.e.p.PluginsService     ] [Nr7UYsr] loaded module [reindex]
[2018-08-11T01:21:46,365][INFO ][o.e.p.PluginsService     ] [Nr7UYsr] loaded module [repository-url]
[2018-08-11T01:21:46,365][INFO ][o.e.p.PluginsService     ] [Nr7UYsr] loaded module [transport-netty4]
[2018-08-11T01:21:46,365][INFO ][o.e.p.PluginsService     ] [Nr7UYsr] loaded module [tribe]
[2018-08-11T01:21:46,365][INFO ][o.e.p.PluginsService     ] [Nr7UYsr] loaded module [x-pack-core]
[2018-08-11T01:21:46,365][INFO ][o.e.p.PluginsService     ] [Nr7UYsr] loaded module [x-pack-deprecation]
[2018-08-11T01:21:46,365][INFO ][o.e.p.PluginsService     ] [Nr7UYsr] loaded module [x-pack-graph]
[2018-08-11T01:21:46,365][INFO ][o.e.p.PluginsService     ] [Nr7UYsr] loaded module [x-pack-logstash]
[2018-08-11T01:21:46,365][INFO ][o.e.p.PluginsService     ] [Nr7UYsr] loaded module [x-pack-ml]
[2018-08-11T01:21:46,365][INFO ][o.e.p.PluginsService     ] [Nr7UYsr] loaded module [x-pack-monitoring]
[2018-08-11T01:21:46,365][INFO ][o.e.p.PluginsService     ] [Nr7UYsr] loaded module [x-pack-rollup]
[2018-08-11T01:21:46,365][INFO ][o.e.p.PluginsService     ] [Nr7UYsr] loaded module [x-pack-security]
[2018-08-11T01:21:46,365][INFO ][o.e.p.PluginsService     ] [Nr7UYsr] loaded module [x-pack-sql]
[2018-08-11T01:21:46,365][INFO ][o.e.p.PluginsService     ] [Nr7UYsr] loaded module [x-pack-upgrade]
[2018-08-11T01:21:46,365][INFO ][o.e.p.PluginsService     ] [Nr7UYsr] loaded module [x-pack-watcher]
[2018-08-11T01:21:46,366][INFO ][o.e.p.PluginsService     ] [Nr7UYsr] no plugins loaded
[2018-08-11T01:21:48,111][INFO ][o.e.x.s.a.s.FileRolesStore] [Nr7UYsr] parsed [0] roles from file [/home/nermin/Diplomski_rad/elasticsearch-6.3.2/config/roles.yml]
[2018-08-11T01:21:48,352][INFO ][o.e.x.m.j.p.l.CppLogMessageHandler] [controller/10099] [Main.cc@109] controller (64 bit): Version 6.3.2 (Build 903094f295d249) Copyright (c) 2018 Elasticsearch BV
[2018-08-11T01:21:48,556][DEBUG][o.e.a.ActionModule       ] Using REST wrapper from plugin org.elasticsearch.xpack.security.Security
[2018-08-11T01:21:48,685][INFO ][o.e.d.DiscoveryModule    ] [Nr7UYsr] using discovery type [zen]
[2018-08-11T01:21:49,124][INFO ][o.e.n.Node               ] [Nr7UYsr] initialized
[2018-08-11T01:21:49,124][INFO ][o.e.n.Node               ] [Nr7UYsr] starting ...
[2018-08-11T01:21:49,212][INFO ][o.e.t.TransportService   ] [Nr7UYsr] publish_address {127.0.0.1:9300}, bound_addresses {[::1]:9300}, {127.0.0.1:9300}
[2018-08-11T01:21:49,226][WARN ][o.e.b.BootstrapChecks    ] [Nr7UYsr] max file descriptors [4096] for elasticsearch process is too low, increase to at least [65536]
[2018-08-11T01:21:49,226][WARN ][o.e.b.BootstrapChecks    ] [Nr7UYsr] max virtual memory areas vm.max_map_count [65530] is too low, increase to at least [262144]
[2018-08-11T01:21:52,256][INFO ][o.e.c.s.MasterService    ] [Nr7UYsr] zen-disco-elected-as-master ([0] nodes joined)[, ], reason: new_master {Nr7UYsr}{Nr7UYsrgRVC308VTNLTlIQ}{vwqbEh_jSYSHCPqfa3cXpA}{127.0.0.1}{127.0.0.1:9300}{ml.machine_memory=16680050688, xpack.installed=true, ml.max_open_jobs=20, ml.enabled=true}
[2018-08-11T01:21:52,259][INFO ][o.e.c.s.ClusterApplierService] [Nr7UYsr] new_master {Nr7UYsr}{Nr7UYsrgRVC308VTNLTlIQ}{vwqbEh_jSYSHCPqfa3cXpA}{127.0.0.1}{127.0.0.1:9300}{ml.machine_memory=16680050688, xpack.installed=true, ml.max_open_jobs=20, ml.enabled=true}, reason: apply cluster state (from master [master {Nr7UYsr}{Nr7UYsrgRVC308VTNLTlIQ}{vwqbEh_jSYSHCPqfa3cXpA}{127.0.0.1}{127.0.0.1:9300}{ml.machine_memory=16680050688, xpack.installed=true, ml.max_open_jobs=20, ml.enabled=true} committed version [1] source [zen-disco-elected-as-master ([0] nodes joined)[, ]]])
[2018-08-11T01:21:52,289][INFO ][o.e.x.s.t.n.SecurityNetty4HttpServerTransport] [Nr7UYsr] publish_address {127.0.0.1:9200}, bound_addresses {[::1]:9200}, {127.0.0.1:9200}
[2018-08-11T01:21:52,289][INFO ][o.e.n.Node               ] [Nr7UYsr] started
[2018-08-11T01:21:52,529][WARN ][o.e.x.s.a.s.m.NativeRoleMappingStore] [Nr7UYsr] Failed to clear cache for realms [[]]
[2018-08-11T01:21:52,537][INFO ][o.e.l.LicenseService     ] [Nr7UYsr] license [6c1b0964-f84d-46f3-b13d-c4ea20c7cad5] mode [basic] - valid
[2018-08-11T01:21:52,543][INFO ][o.e.g.GatewayService     ] [Nr7UYsr] recovered [1] indices into cluster_state
[2018-08-11T01:21:52,693][INFO ][o.e.c.r.a.AllocationService] [Nr7UYsr] Cluster health status changed from [RED] to [YELLOW] (reason: [shards started [[customer][2]] ...]).
[2018-08-11T01:23:47,723][INFO ][o.e.x.m.j.p.NativeController] Native controller process has stopped - no new native processes can be started
[2018-08-11T01:23:47,725][INFO ][o.e.n.Node               ] [Nr7UYsr] stopping ...
[2018-08-11T01:23:47,744][INFO ][o.e.x.w.WatcherService   ] [Nr7UYsr] stopping watch service, reason [shutdown initiated]
[2018-08-11T01:23:48,130][INFO ][o.e.n.Node               ] [Nr7UYsr] stopped
[2018-08-11T01:23:48,131][INFO ][o.e.n.Node               ] [Nr7UYsr] closing ...
[2018-08-11T01:23:48,149][INFO ][o.e.n.Node               ] [Nr7UYsr] closed
[2018-08-11T01:24:31,472][INFO ][o.e.n.Node               ] [] initializing ...
[2018-08-11T01:24:31,505][INFO ][o.e.e.NodeEnvironment    ] [Nr7UYsr] using [1] data paths, mounts [[/ (/dev/sda5)]], net usable_space [43.6gb], net total_space [54.7gb], types [ext4]
[2018-08-11T01:24:31,505][INFO ][o.e.e.NodeEnvironment    ] [Nr7UYsr] heap size [989.8mb], compressed ordinary object pointers [true]
[2018-08-11T01:24:31,511][INFO ][o.e.n.Node               ] [Nr7UYsr] node name derived from node ID [Nr7UYsrgRVC308VTNLTlIQ]; set [node.name] to override
[2018-08-11T01:24:31,512][INFO ][o.e.n.Node               ] [Nr7UYsr] version[6.3.2], pid[10220], build[default/zip/053779d/2018-07-20T05:20:23.451332Z], OS[Linux/4.15.0-30-generic/amd64], JVM[Oracle Corporation/Java HotSpot(TM) 64-Bit Server VM/1.8.0_181/25.181-b13]
[2018-08-11T01:24:31,512][INFO ][o.e.n.Node               ] [Nr7UYsr] JVM arguments [-Xms1g, -Xmx1g, -XX:+UseConcMarkSweepGC, -XX:CMSInitiatingOccupancyFraction=75, -XX:+UseCMSInitiatingOccupancyOnly, -XX:+AlwaysPreTouch, -Xss1m, -Djava.awt.headless=true, -Dfile.encoding=UTF-8, -Djna.nosys=true, -XX:-OmitStackTraceInFastThrow, -Dio.netty.noUnsafe=true, -Dio.netty.noKeySetOptimization=true, -Dio.netty.recycler.maxCapacityPerThread=0, -Dlog4j.shutdownHookEnabled=false, -Dlog4j2.disable.jmx=true, -Djava.io.tmpdir=/tmp/elasticsearch.vLZhdoTs, -XX:+HeapDumpOnOutOfMemoryError, -XX:HeapDumpPath=data, -XX:ErrorFile=logs/hs_err_pid%p.log, -XX:+PrintGCDetails, -XX:+PrintGCDateStamps, -XX:+PrintTenuringDistribution, -XX:+PrintGCApplicationStoppedTime, -Xloggc:logs/gc.log, -XX:+UseGCLogFileRotation, -XX:NumberOfGCLogFiles=32, -XX:GCLogFileSize=64m, -Des.path.home=/home/nermin/Diplomski_rad/elasticsearch-6.3.2, -Des.path.conf=/home/nermin/Diplomski_rad/elasticsearch-6.3.2/config, -Des.distribution.flavor=default, -Des.distribution.type=zip]
[2018-08-11T01:24:32,615][INFO ][o.e.p.PluginsService     ] [Nr7UYsr] loaded module [aggs-matrix-stats]
[2018-08-11T01:24:32,615][INFO ][o.e.p.PluginsService     ] [Nr7UYsr] loaded module [analysis-common]
[2018-08-11T01:24:32,615][INFO ][o.e.p.PluginsService     ] [Nr7UYsr] loaded module [ingest-common]
[2018-08-11T01:24:32,615][INFO ][o.e.p.PluginsService     ] [Nr7UYsr] loaded module [lang-expression]
[2018-08-11T01:24:32,615][INFO ][o.e.p.PluginsService     ] [Nr7UYsr] loaded module [lang-mustache]
[2018-08-11T01:24:32,615][INFO ][o.e.p.PluginsService     ] [Nr7UYsr] loaded module [lang-painless]
[2018-08-11T01:24:32,615][INFO ][o.e.p.PluginsService     ] [Nr7UYsr] loaded module [mapper-extras]
[2018-08-11T01:24:32,616][INFO ][o.e.p.PluginsService     ] [Nr7UYsr] loaded module [parent-join]
[2018-08-11T01:24:32,616][INFO ][o.e.p.PluginsService     ] [Nr7UYsr] loaded module [percolator]
[2018-08-11T01:24:32,616][INFO ][o.e.p.PluginsService     ] [Nr7UYsr] loaded module [rank-eval]
[2018-08-11T01:24:32,616][INFO ][o.e.p.PluginsService     ] [Nr7UYsr] loaded module [reindex]
[2018-08-11T01:24:32,616][INFO ][o.e.p.PluginsService     ] [Nr7UYsr] loaded module [repository-url]
[2018-08-11T01:24:32,616][INFO ][o.e.p.PluginsService     ] [Nr7UYsr] loaded module [transport-netty4]
[2018-08-11T01:24:32,616][INFO ][o.e.p.PluginsService     ] [Nr7UYsr] loaded module [tribe]
[2018-08-11T01:24:32,616][INFO ][o.e.p.PluginsService     ] [Nr7UYsr] loaded module [x-pack-core]
[2018-08-11T01:24:32,616][INFO ][o.e.p.PluginsService     ] [Nr7UYsr] loaded module [x-pack-deprecation]
[2018-08-11T01:24:32,616][INFO ][o.e.p.PluginsService     ] [Nr7UYsr] loaded module [x-pack-graph]
[2018-08-11T01:24:32,616][INFO ][o.e.p.PluginsService     ] [Nr7UYsr] loaded module [x-pack-logstash]
[2018-08-11T01:24:32,616][INFO ][o.e.p.PluginsService     ] [Nr7UYsr] loaded module [x-pack-ml]
[2018-08-11T01:24:32,616][INFO ][o.e.p.PluginsService     ] [Nr7UYsr] loaded module [x-pack-monitoring]
[2018-08-11T01:24:32,616][INFO ][o.e.p.PluginsService     ] [Nr7UYsr] loaded module [x-pack-rollup]
[2018-08-11T01:24:32,616][INFO ][o.e.p.PluginsService     ] [Nr7UYsr] loaded module [x-pack-security]
[2018-08-11T01:24:32,616][INFO ][o.e.p.PluginsService     ] [Nr7UYsr] loaded module [x-pack-sql]
[2018-08-11T01:24:32,616][INFO ][o.e.p.PluginsService     ] [Nr7UYsr] loaded module [x-pack-upgrade]
[2018-08-11T01:24:32,616][INFO ][o.e.p.PluginsService     ] [Nr7UYsr] loaded module [x-pack-watcher]
[2018-08-11T01:24:32,617][INFO ][o.e.p.PluginsService     ] [Nr7UYsr] no plugins loaded
[2018-08-11T01:24:34,320][INFO ][o.e.x.s.a.s.FileRolesStore] [Nr7UYsr] parsed [0] roles from file [/home/nermin/Diplomski_rad/elasticsearch-6.3.2/config/roles.yml]
[2018-08-11T01:24:34,565][INFO ][o.e.x.m.j.p.l.CppLogMessageHandler] [controller/10292] [Main.cc@109] controller (64 bit): Version 6.3.2 (Build 903094f295d249) Copyright (c) 2018 Elasticsearch BV
[2018-08-11T01:24:34,772][DEBUG][o.e.a.ActionModule       ] Using REST wrapper from plugin org.elasticsearch.xpack.security.Security
[2018-08-11T01:24:34,902][INFO ][o.e.d.DiscoveryModule    ] [Nr7UYsr] using discovery type [zen]
[2018-08-11T01:24:35,346][INFO ][o.e.n.Node               ] [Nr7UYsr] initialized
[2018-08-11T01:24:35,346][INFO ][o.e.n.Node               ] [Nr7UYsr] starting ...
[2018-08-11T01:24:35,436][INFO ][o.e.t.TransportService   ] [Nr7UYsr] publish_address {127.0.0.1:9300}, bound_addresses {[::1]:9300}, {127.0.0.1:9300}
[2018-08-11T01:24:35,451][WARN ][o.e.b.BootstrapChecks    ] [Nr7UYsr] max file descriptors [4096] for elasticsearch process is too low, increase to at least [65536]
[2018-08-11T01:24:35,451][WARN ][o.e.b.BootstrapChecks    ] [Nr7UYsr] max virtual memory areas vm.max_map_count [65530] is too low, increase to at least [262144]
[2018-08-11T01:24:38,488][INFO ][o.e.c.s.MasterService    ] [Nr7UYsr] zen-disco-elected-as-master ([0] nodes joined)[, ], reason: new_master {Nr7UYsr}{Nr7UYsrgRVC308VTNLTlIQ}{E21xrI9-RxKRq0RUdC1Qog}{127.0.0.1}{127.0.0.1:9300}{ml.machine_memory=16680050688, xpack.installed=true, ml.max_open_jobs=20, ml.enabled=true}
[2018-08-11T01:24:38,490][INFO ][o.e.c.s.ClusterApplierService] [Nr7UYsr] new_master {Nr7UYsr}{Nr7UYsrgRVC308VTNLTlIQ}{E21xrI9-RxKRq0RUdC1Qog}{127.0.0.1}{127.0.0.1:9300}{ml.machine_memory=16680050688, xpack.installed=true, ml.max_open_jobs=20, ml.enabled=true}, reason: apply cluster state (from master [master {Nr7UYsr}{Nr7UYsrgRVC308VTNLTlIQ}{E21xrI9-RxKRq0RUdC1Qog}{127.0.0.1}{127.0.0.1:9300}{ml.machine_memory=16680050688, xpack.installed=true, ml.max_open_jobs=20, ml.enabled=true} committed version [1] source [zen-disco-elected-as-master ([0] nodes joined)[, ]]])
[2018-08-11T01:24:38,531][INFO ][o.e.x.s.t.n.SecurityNetty4HttpServerTransport] [Nr7UYsr] publish_address {127.0.0.1:9200}, bound_addresses {[::1]:9200}, {127.0.0.1:9200}
[2018-08-11T01:24:38,531][INFO ][o.e.n.Node               ] [Nr7UYsr] started
[2018-08-11T01:24:38,765][WARN ][o.e.x.s.a.s.m.NativeRoleMappingStore] [Nr7UYsr] Failed to clear cache for realms [[]]
[2018-08-11T01:24:38,773][INFO ][o.e.l.LicenseService     ] [Nr7UYsr] license [6c1b0964-f84d-46f3-b13d-c4ea20c7cad5] mode [basic] - valid
[2018-08-11T01:24:38,778][INFO ][o.e.g.GatewayService     ] [Nr7UYsr] recovered [1] indices into cluster_state
[2018-08-11T01:24:38,905][INFO ][o.e.c.r.a.AllocationService] [Nr7UYsr] Cluster health status changed from [RED] to [YELLOW] (reason: [shards started [[customer][3], [customer][4]] ...]).
[2018-08-11T01:26:38,739][INFO ][o.e.x.m.j.p.NativeController] Native controller process has stopped - no new native processes can be started
[2018-08-11T01:26:38,741][INFO ][o.e.n.Node               ] [Nr7UYsr] stopping ...
[2018-08-11T01:26:38,765][INFO ][o.e.x.w.WatcherService   ] [Nr7UYsr] stopping watch service, reason [shutdown initiated]
[2018-08-11T01:26:38,821][INFO ][o.e.n.Node               ] [Nr7UYsr] stopped
[2018-08-11T01:26:38,821][INFO ][o.e.n.Node               ] [Nr7UYsr] closing ...
[2018-08-11T01:26:38,826][INFO ][o.e.n.Node               ] [Nr7UYsr] closed
[2018-08-11T19:12:18,388][INFO ][o.e.n.Node               ] [] initializing ...
[2018-08-11T19:12:18,426][INFO ][o.e.e.NodeEnvironment    ] [Nr7UYsr] using [1] data paths, mounts [[/ (/dev/sda5)]], net usable_space [43.6gb], net total_space [54.7gb], types [ext4]
[2018-08-11T19:12:18,426][INFO ][o.e.e.NodeEnvironment    ] [Nr7UYsr] heap size [989.8mb], compressed ordinary object pointers [true]
[2018-08-11T19:12:18,435][INFO ][o.e.n.Node               ] [Nr7UYsr] node name derived from node ID [Nr7UYsrgRVC308VTNLTlIQ]; set [node.name] to override
[2018-08-11T19:12:18,435][INFO ][o.e.n.Node               ] [Nr7UYsr] version[6.3.2], pid[2060], build[default/zip/053779d/2018-07-20T05:20:23.451332Z], OS[Linux/4.15.0-30-generic/amd64], JVM[Oracle Corporation/Java HotSpot(TM) 64-Bit Server VM/1.8.0_181/25.181-b13]
[2018-08-11T19:12:18,435][INFO ][o.e.n.Node               ] [Nr7UYsr] JVM arguments [-Xms1g, -Xmx1g, -XX:+UseConcMarkSweepGC, -XX:CMSInitiatingOccupancyFraction=75, -XX:+UseCMSInitiatingOccupancyOnly, -XX:+AlwaysPreTouch, -Xss1m, -Djava.awt.headless=true, -Dfile.encoding=UTF-8, -Djna.nosys=true, -XX:-OmitStackTraceInFastThrow, -Dio.netty.noUnsafe=true, -Dio.netty.noKeySetOptimization=true, -Dio.netty.recycler.maxCapacityPerThread=0, -Dlog4j.shutdownHookEnabled=false, -Dlog4j2.disable.jmx=true, -Djava.io.tmpdir=/tmp/elasticsearch.zv4KbvBR, -XX:+HeapDumpOnOutOfMemoryError, -XX:HeapDumpPath=data, -XX:ErrorFile=logs/hs_err_pid%p.log, -XX:+PrintGCDetails, -XX:+PrintGCDateStamps, -XX:+PrintTenuringDistribution, -XX:+PrintGCApplicationStoppedTime, -Xloggc:logs/gc.log, -XX:+UseGCLogFileRotation, -XX:NumberOfGCLogFiles=32, -XX:GCLogFileSize=64m, -Des.path.home=/home/nermin/Diplomski_rad/elasticsearch-6.3.2, -Des.path.conf=/home/nermin/Diplomski_rad/elasticsearch-6.3.2/config, -Des.distribution.flavor=default, -Des.distribution.type=zip]
[2018-08-11T19:12:19,608][INFO ][o.e.p.PluginsService     ] [Nr7UYsr] loaded module [aggs-matrix-stats]
[2018-08-11T19:12:19,609][INFO ][o.e.p.PluginsService     ] [Nr7UYsr] loaded module [analysis-common]
[2018-08-11T19:12:19,609][INFO ][o.e.p.PluginsService     ] [Nr7UYsr] loaded module [ingest-common]
[2018-08-11T19:12:19,609][INFO ][o.e.p.PluginsService     ] [Nr7UYsr] loaded module [lang-expression]
[2018-08-11T19:12:19,609][INFO ][o.e.p.PluginsService     ] [Nr7UYsr] loaded module [lang-mustache]
[2018-08-11T19:12:19,609][INFO ][o.e.p.PluginsService     ] [Nr7UYsr] loaded module [lang-painless]
[2018-08-11T19:12:19,609][INFO ][o.e.p.PluginsService     ] [Nr7UYsr] loaded module [mapper-extras]
[2018-08-11T19:12:19,609][INFO ][o.e.p.PluginsService     ] [Nr7UYsr] loaded module [parent-join]
[2018-08-11T19:12:19,609][INFO ][o.e.p.PluginsService     ] [Nr7UYsr] loaded module [percolator]
[2018-08-11T19:12:19,609][INFO ][o.e.p.PluginsService     ] [Nr7UYsr] loaded module [rank-eval]
[2018-08-11T19:12:19,609][INFO ][o.e.p.PluginsService     ] [Nr7UYsr] loaded module [reindex]
[2018-08-11T19:12:19,609][INFO ][o.e.p.PluginsService     ] [Nr7UYsr] loaded module [repository-url]
[2018-08-11T19:12:19,609][INFO ][o.e.p.PluginsService     ] [Nr7UYsr] loaded module [transport-netty4]
[2018-08-11T19:12:19,609][INFO ][o.e.p.PluginsService     ] [Nr7UYsr] loaded module [tribe]
[2018-08-11T19:12:19,609][INFO ][o.e.p.PluginsService     ] [Nr7UYsr] loaded module [x-pack-core]
[2018-08-11T19:12:19,609][INFO ][o.e.p.PluginsService     ] [Nr7UYsr] loaded module [x-pack-deprecation]
[2018-08-11T19:12:19,609][INFO ][o.e.p.PluginsService     ] [Nr7UYsr] loaded module [x-pack-graph]
[2018-08-11T19:12:19,609][INFO ][o.e.p.PluginsService     ] [Nr7UYsr] loaded module [x-pack-logstash]
[2018-08-11T19:12:19,610][INFO ][o.e.p.PluginsService     ] [Nr7UYsr] loaded module [x-pack-ml]
[2018-08-11T19:12:19,610][INFO ][o.e.p.PluginsService     ] [Nr7UYsr] loaded module [x-pack-monitoring]
[2018-08-11T19:12:19,610][INFO ][o.e.p.PluginsService     ] [Nr7UYsr] loaded module [x-pack-rollup]
[2018-08-11T19:12:19,610][INFO ][o.e.p.PluginsService     ] [Nr7UYsr] loaded module [x-pack-security]
[2018-08-11T19:12:19,610][INFO ][o.e.p.PluginsService     ] [Nr7UYsr] loaded module [x-pack-sql]
[2018-08-11T19:12:19,610][INFO ][o.e.p.PluginsService     ] [Nr7UYsr] loaded module [x-pack-upgrade]
[2018-08-11T19:12:19,610][INFO ][o.e.p.PluginsService     ] [Nr7UYsr] loaded module [x-pack-watcher]
[2018-08-11T19:12:19,610][INFO ][o.e.p.PluginsService     ] [Nr7UYsr] no plugins loaded
[2018-08-11T19:12:21,424][INFO ][o.e.x.s.a.s.FileRolesStore] [Nr7UYsr] parsed [0] roles from file [/home/nermin/Diplomski_rad/elasticsearch-6.3.2/config/roles.yml]
[2018-08-11T19:12:21,686][INFO ][o.e.x.m.j.p.l.CppLogMessageHandler] [controller/2130] [Main.cc@109] controller (64 bit): Version 6.3.2 (Build 903094f295d249) Copyright (c) 2018 Elasticsearch BV
[2018-08-11T19:12:21,900][DEBUG][o.e.a.ActionModule       ] Using REST wrapper from plugin org.elasticsearch.xpack.security.Security
[2018-08-11T19:12:22,033][INFO ][o.e.d.DiscoveryModule    ] [Nr7UYsr] using discovery type [zen]
[2018-08-11T19:12:22,466][INFO ][o.e.n.Node               ] [Nr7UYsr] initialized
[2018-08-11T19:12:22,466][INFO ][o.e.n.Node               ] [Nr7UYsr] starting ...
[2018-08-11T19:12:22,558][INFO ][o.e.t.TransportService   ] [Nr7UYsr] publish_address {127.0.0.1:9300}, bound_addresses {[::1]:9300}, {127.0.0.1:9300}
[2018-08-11T19:12:22,572][WARN ][o.e.b.BootstrapChecks    ] [Nr7UYsr] max file descriptors [4096] for elasticsearch process is too low, increase to at least [65536]
[2018-08-11T19:12:22,572][WARN ][o.e.b.BootstrapChecks    ] [Nr7UYsr] max virtual memory areas vm.max_map_count [65530] is too low, increase to at least [262144]
[2018-08-11T19:12:25,603][INFO ][o.e.c.s.MasterService    ] [Nr7UYsr] zen-disco-elected-as-master ([0] nodes joined)[, ], reason: new_master {Nr7UYsr}{Nr7UYsrgRVC308VTNLTlIQ}{El8ixnsQSgq-NL1KZCCj1Q}{127.0.0.1}{127.0.0.1:9300}{ml.machine_memory=16680050688, xpack.installed=true, ml.max_open_jobs=20, ml.enabled=true}
[2018-08-11T19:12:25,606][INFO ][o.e.c.s.ClusterApplierService] [Nr7UYsr] new_master {Nr7UYsr}{Nr7UYsrgRVC308VTNLTlIQ}{El8ixnsQSgq-NL1KZCCj1Q}{127.0.0.1}{127.0.0.1:9300}{ml.machine_memory=16680050688, xpack.installed=true, ml.max_open_jobs=20, ml.enabled=true}, reason: apply cluster state (from master [master {Nr7UYsr}{Nr7UYsrgRVC308VTNLTlIQ}{El8ixnsQSgq-NL1KZCCj1Q}{127.0.0.1}{127.0.0.1:9300}{ml.machine_memory=16680050688, xpack.installed=true, ml.max_open_jobs=20, ml.enabled=true} committed version [1] source [zen-disco-elected-as-master ([0] nodes joined)[, ]]])
[2018-08-11T19:12:25,637][INFO ][o.e.x.s.t.n.SecurityNetty4HttpServerTransport] [Nr7UYsr] publish_address {127.0.0.1:9200}, bound_addresses {[::1]:9200}, {127.0.0.1:9200}
[2018-08-11T19:12:25,638][INFO ][o.e.n.Node               ] [Nr7UYsr] started
[2018-08-11T19:12:25,869][WARN ][o.e.x.s.a.s.m.NativeRoleMappingStore] [Nr7UYsr] Failed to clear cache for realms [[]]
[2018-08-11T19:12:25,878][INFO ][o.e.l.LicenseService     ] [Nr7UYsr] license [6c1b0964-f84d-46f3-b13d-c4ea20c7cad5] mode [basic] - valid
[2018-08-11T19:12:25,883][INFO ][o.e.g.GatewayService     ] [Nr7UYsr] recovered [1] indices into cluster_state
[2018-08-11T19:12:26,059][INFO ][o.e.c.r.a.AllocationService] [Nr7UYsr] Cluster health status changed from [RED] to [YELLOW] (reason: [shards started [[customer][3]] ...]).
[2018-08-11T19:34:36,186][INFO ][o.e.c.m.MetaDataCreateIndexService] [Nr7UYsr] [starwars] creating index, cause [auto(bulk api)], templates [], shards [5]/[1], mappings []
[2018-08-11T19:34:36,326][INFO ][o.e.c.m.MetaDataMappingService] [Nr7UYsr] [starwars/O66eI1n0Rmqn17oVGp66fw] create_mapping [people]
[2018-08-11T19:34:55,429][INFO ][o.e.c.m.MetaDataMappingService] [Nr7UYsr] [starwars/O66eI1n0Rmqn17oVGp66fw] update_mapping [people]
